\BOOKMARK [1][-]{section.1}{\376\377\0001\000\040\176\374\217\360}{}% 1
\BOOKMARK [1][-]{section.2}{\376\377\0002\000\040\172\013\136\217\122\237\200\375\116\313\176\315}{}% 2
\BOOKMARK [2][-]{subsection.2.1}{\376\377\0002\000.\0001\000\040\203\334\123\125}{section.2}% 3
\BOOKMARK [2][-]{subsection.2.2}{\376\377\0002\000.\0002\000\040\116\073\165\114\227\142}{section.2}% 4
\BOOKMARK [3][-]{subsubsection.2.2.1}{\376\377\0002\000.\0002\000.\0001\000\040\133\374\121\145\213\376\210\150\122\237\200\375}{subsection.2.2}% 5
\BOOKMARK [3][-]{subsubsection.2.2.2}{\376\377\0002\000.\0002\000.\0002\000\040\145\345\172\013\201\352\122\250\143\250\203\120\122\237\200\375}{subsection.2.2}% 6
\BOOKMARK [3][-]{subsubsection.2.2.3}{\376\377\0002\000.\0002\000.\0003\000\040\116\052\140\047\123\026\116\213\116\366\143\250\203\120\122\237\200\375}{subsection.2.2}% 7
\BOOKMARK [3][-]{subsubsection.2.2.4}{\376\377\0002\000.\0002\000.\0004\000\040\145\345\172\013\147\054\127\060\117\335\133\130\122\237\200\375}{subsection.2.2}% 8
\BOOKMARK [3][-]{subsubsection.2.2.5}{\376\377\0002\000.\0002\000.\0005\000\040\145\345\172\013\210\150\116\244\116\222}{subsection.2.2}% 9
\BOOKMARK [3][-]{subsubsection.2.2.6}{\376\377\0002\000.\0002\000.\0006\000\040\213\262\136\247\117\341\140\157\203\267\123\326\122\237\200\375}{subsection.2.2}% 10
\BOOKMARK [3][-]{subsubsection.2.2.7}{\376\377\0002\000.\0002\000.\0007\000\040\142\113\122\250\120\022\213\241\145\366\122\237\200\375}{subsection.2.2}% 11
\BOOKMARK [2][-]{subsection.2.3}{\376\377\0002\000.\0003\000\040\116\052\140\047\123\026\213\276\177\156\122\237\200\375}{section.2}% 12
\BOOKMARK [3][-]{subsubsection.2.3.1}{\376\377\0002\000.\0003\000.\0001\000\040\152\041\137\017\213\276\177\156}{subsection.2.3}% 13
\BOOKMARK [3][-]{subsubsection.2.3.2}{\376\377\0002\000.\0003\000.\0002\000\040\120\117\131\175\213\276\177\156}{subsection.2.3}% 14
\BOOKMARK [3][-]{subsubsection.2.3.3}{\376\377\0002\000.\0003\000.\0003\000\040\147\102\230\171}{subsection.2.3}% 15
\BOOKMARK [2][-]{subsection.2.4}{\376\377\0002\000.\0004\000\040\127\060\126\376}{section.2}% 16
\BOOKMARK [2][-]{subsection.2.5}{\376\377\0002\000.\0005\000\040\213\364\146\016}{section.2}% 17
\BOOKMARK [1][-]{section.3}{\376\377\0003\000\040\230\171\166\356\124\004\152\041\127\127\116\016\174\173\213\276\213\241\176\306\202\202}{}% 18
\BOOKMARK [2][-]{subsection.3.1}{\376\377\0003\000.\0001\000\040\116\073\165\114\227\142\152\041\127\127}{section.3}% 19
\BOOKMARK [3][-]{subsubsection.3.1.1}{\376\377\0003\000.\0001\000.\0001\000\040\145\345\123\206}{subsection.3.1}% 20
\BOOKMARK [3][-]{subsubsection.3.1.2}{\376\377\0003\000.\0001\000.\0002\000\040\145\345\172\013\210\150}{subsection.3.1}% 21
\BOOKMARK [3][-]{subsubsection.3.1.3}{\376\377\0003\000.\0001\000.\0003\000\040\213\376\210\150\133\374\121\145}{subsection.3.1}% 22
\BOOKMARK [3][-]{subsubsection.3.1.4}{\376\377\0003\000.\0001\000.\0004\000\040\145\345\172\013\201\352\122\250\143\250\203\120\122\237\200\375}{subsection.3.1}% 23
\BOOKMARK [2][-]{subsection.3.2}{\376\377\0003\000.\0002\000\040\127\060\126\376\152\041\127\127\000P\000K\000U\000M\000a\000p}{section.3}% 24
\BOOKMARK [2][-]{subsection.3.3}{\376\377\0003\000.\0003\000\040\116\213\116\366\174\173\000E\000v\000e\000n\000t}{section.3}% 25
\BOOKMARK [2][-]{subsection.3.4}{\376\377\0003\000.\0004\000\040\213\276\177\156\152\041\127\127\000C\000o\000n\000f\000i\000g}{section.3}% 26
\BOOKMARK [2][-]{subsection.3.5}{\376\377\0003\000.\0005\000\040\220\011\142\351\152\041\127\127\000S\000e\000l\000e\000c\000t\000i\000o\000n}{section.3}% 27
\BOOKMARK [2][-]{subsection.3.6}{\376\377\0003\000.\0006\000\040\120\022\213\241\145\366\152\041\127\127\000C\000o\000u\000n\000t\000D\000o\000w\000n\000T\000i\000m\000e\000r}{section.3}% 28
\BOOKMARK [2][-]{subsection.3.7}{\376\377\0003\000.\0007\000\040\145\207\116\366\213\373\121\231\152\041\127\127\000F\000i\000l\000e\000I\000O}{section.3}% 29
\BOOKMARK [3][-]{subsubsection.3.7.1}{\376\377\0003\000.\0007\000.\0001\000\040\117\177\165\050\166\204\145\160\143\156\145\207\116\366}{subsection.3.7}% 30
\BOOKMARK [3][-]{subsubsection.3.7.2}{\376\377\0003\000.\0007\000.\0002\000\040\213\276\213\241\166\204\145\207\116\366\213\373\121\231\121\375\145\160}{subsection.3.7}% 31
\BOOKMARK [2][-]{subsection.3.8}{\376\377\0003\000.\0008\000\040\162\054\206\153\152\041\127\127}{section.3}% 32
\BOOKMARK [1][-]{section.4}{\376\377\0004\000\040\134\017\176\304\142\020\124\130\122\006\135\345\140\305\121\265}{}% 33
\BOOKMARK [1][-]{section.5}{\376\377\0005\000\040\230\171\166\356\140\073\176\323\116\016\123\315\140\035}{}% 34
