This is pdfTeX, Version 3.14159265-2.6-1.40.21 (TeX Live 2020/W32TeX) (preloaded format=pdflatex 2023.9.14)  29 JUN 2024 16:21
entering extended mode
 restricted \write18 enabled.
 file:line:error style messages enabled.
 %&-line parsing enabled.
**c:/code/C++/Qt/Report/Report.tex
(c:/code/C++/Qt/Report/Report.tex
LaTeX2e <2020-02-02> patch level 5
L3 programming layer <2020-03-06> (c:/texlive/2020/texmf-dist/tex/latex/ctex/ctexart.cls (c:/texlive/2020/texmf-dist/tex/latex/l3kernel/expl3.sty
Package: expl3 2020-03-06 L3 programming layer (loader) 
 (c:/texlive/2020/texmf-dist/tex/latex/l3backend/l3backend-pdfmode.def
File: l3backend-pdfmode.def 2020-03-12 L3 backend support: PDF mode
\l__kernel_color_stack_int=\count167
\l__pdf_internal_box=\box45
))
Document Class: ctexart 2019/05/29 v2.4.16 Chinese adapter for class article (CTEX)
(c:/texlive/2020/texmf-dist/tex/latex/l3packages/xparse/xparse.sty
Package: xparse 2020-03-06 L3 Experimental document command parser
\l__xparse_current_arg_int=\count168
\g__xparse_grabber_int=\count169
\l__xparse_m_args_int=\count170
\l__xparse_v_nesting_int=\count171
) (c:/texlive/2020/texmf-dist/tex/latex/l3packages/l3keys2e/l3keys2e.sty
Package: l3keys2e 2020-03-06 LaTeX2e option processing using LaTeX3 keys
) (c:/texlive/2020/texmf-dist/tex/latex/ctex/ctexhook.sty
Package: ctexhook 2019/05/29 v2.4.16 Document and package hooks (CTEX)
) (c:/texlive/2020/texmf-dist/tex/latex/ctex/ctexpatch.sty
Package: ctexpatch 2019/05/29 v2.4.16 Patching commands (CTEX)
) (c:/texlive/2020/texmf-dist/tex/latex/base/fix-cm.sty
Package: fix-cm 2015/01/14 v1.1t fixes to LaTeX
 (c:/texlive/2020/texmf-dist/tex/latex/base/ts1enc.def
File: ts1enc.def 2001/06/05 v3.0e (jk/car/fm) Standard LaTeX file
LaTeX Font Info:    Redeclaring font encoding TS1 on input line 47.
)) (c:/texlive/2020/texmf-dist/tex/latex/ms/everysel.sty
Package: everysel 2011/10/28 v1.2 EverySelectfont Package (MS)
)
\l__ctex_tmp_int=\count172
\l__ctex_tmp_box=\box46
\l__ctex_tmp_dim=\dimen134
\g__ctex_section_depth_int=\count173
\g__ctex_font_size_int=\count174
 (c:/texlive/2020/texmf-dist/tex/latex/ctex/config/ctexopts.cfg
File: ctexopts.cfg 2019/05/29 v2.4.16 Option configuration file (CTEX)
)

Package ctex Warning: Option `hyperref' is deprecated.
(ctex)                `hyperref' package will be loaded.

(c:/texlive/2020/texmf-dist/tex/latex/base/article.cls
Document Class: article 2019/12/20 v1.4l Standard LaTeX document class
(c:/texlive/2020/texmf-dist/tex/latex/base/size11.clo
File: size11.clo 2019/12/20 v1.4l Standard LaTeX file (size option)
)
\c@part=\count175
\c@section=\count176
\c@subsection=\count177
\c@subsubsection=\count178
\c@paragraph=\count179
\c@subparagraph=\count180
\c@figure=\count181
\c@table=\count182
\abovecaptionskip=\skip47
\belowcaptionskip=\skip48
\bibindent=\dimen135
) (c:/texlive/2020/texmf-dist/tex/latex/ctex/engine/ctex-engine-pdftex.def
File: ctex-engine-pdftex.def 2019/05/29 v2.4.16 (pdf)LaTeX adapter (CTEX)
 (c:/texlive/2020/texmf-dist/tex/latex/cjk/texinput/CJKutf8.sty
Package: CJKutf8 2015/04/18 4.8.4
 (c:/texlive/2020/texmf-dist/tex/generic/iftex/ifpdf.sty
Package: ifpdf 2019/10/25 v3.4 ifpdf legacy package. Use iftex instead.
 (c:/texlive/2020/texmf-dist/tex/generic/iftex/iftex.sty
Package: iftex 2020/03/06 v1.0d TeX engine tests
)) (c:/texlive/2020/texmf-dist/tex/latex/base/inputenc.sty
Package: inputenc 2018/08/11 v1.3c Input encoding file
\inpenc@prehook=\toks15
\inpenc@posthook=\toks16
) (c:/texlive/2020/texmf-dist/tex/latex/cjk/texinput/CJK.sty
Package: CJK 2015/04/18 4.8.4
 (c:/texlive/2020/texmf-dist/tex/latex/cjk/texinput/mule/MULEenc.sty
Package: MULEenc 2015/04/18 4.8.4
) (c:/texlive/2020/texmf-dist/tex/latex/cjk/texinput/CJK.enc
File: CJK.enc 2015/04/18 4.8.4
Now handling font encoding C00 ...
... no UTF-8 mapping file for font encoding C00
Now handling font encoding C05 ...
... no UTF-8 mapping file for font encoding C05
Now handling font encoding C09 ...
... no UTF-8 mapping file for font encoding C09
Now handling font encoding C10 ...
... no UTF-8 mapping file for font encoding C10
Now handling font encoding C20 ...
... no UTF-8 mapping file for font encoding C20
Now handling font encoding C19 ...
... no UTF-8 mapping file for font encoding C19
Now handling font encoding C40 ...
... no UTF-8 mapping file for font encoding C40
Now handling font encoding C42 ...
... no UTF-8 mapping file for font encoding C42
Now handling font encoding C43 ...
... no UTF-8 mapping file for font encoding C43
Now handling font encoding C50 ...
... no UTF-8 mapping file for font encoding C50
Now handling font encoding C52 ...
... no UTF-8 mapping file for font encoding C52
Now handling font encoding C49 ...
... no UTF-8 mapping file for font encoding C49
Now handling font encoding C60 ...
... no UTF-8 mapping file for font encoding C60
Now handling font encoding C61 ...
... no UTF-8 mapping file for font encoding C61
Now handling font encoding C63 ...
... no UTF-8 mapping file for font encoding C63
Now handling font encoding C64 ...
... no UTF-8 mapping file for font encoding C64
Now handling font encoding C65 ...
... no UTF-8 mapping file for font encoding C65
Now handling font encoding C70 ...
... no UTF-8 mapping file for font encoding C70
Now handling font encoding C31 ...
... no UTF-8 mapping file for font encoding C31
Now handling font encoding C32 ...
... no UTF-8 mapping file for font encoding C32
Now handling font encoding C33 ...
... no UTF-8 mapping file for font encoding C33
Now handling font encoding C34 ...
... no UTF-8 mapping file for font encoding C34
Now handling font encoding C35 ...
... no UTF-8 mapping file for font encoding C35
Now handling font encoding C36 ...
... no UTF-8 mapping file for font encoding C36
Now handling font encoding C37 ...
... no UTF-8 mapping file for font encoding C37
Now handling font encoding C80 ...
... no UTF-8 mapping file for font encoding C80
Now handling font encoding C81 ...
... no UTF-8 mapping file for font encoding C81
Now handling font encoding C01 ...
... no UTF-8 mapping file for font encoding C01
Now handling font encoding C11 ...
... no UTF-8 mapping file for font encoding C11
Now handling font encoding C21 ...
... no UTF-8 mapping file for font encoding C21
Now handling font encoding C41 ...
... no UTF-8 mapping file for font encoding C41
Now handling font encoding C62 ...
... no UTF-8 mapping file for font encoding C62
)
LaTeX Info: Redefining \selectfont on input line 755.
\CJK@indent=\box47
) (c:/texlive/2020/texmf-dist/tex/latex/base/fontenc.sty
Package: fontenc 2020/02/11 v2.0o Standard LaTeX package
)) (c:/texlive/2020/texmf-dist/tex/latex/cjkpunct/CJKpunct.sty
Package: CJKpunct 2016/05/14 4.8.4
\CJKpunct@cnta=\count183
\CJKpunct@cntb=\count184
\CJKpunct@cntc=\count185
\CJKpunct@cntd=\count186
\CJKpunct@cnte=\count187
   defining Unicode char U+2018 (decimal 8216)
   defining Unicode char U+2019 (decimal 8217)
   defining Unicode char U+201C (decimal 8220)
   defining Unicode char U+201D (decimal 8221)
   defining Unicode char U+2014 (decimal 8212)
   defining Unicode char U+2026 (decimal 8230)
 (c:/texlive/2020/texmf-dist/tex/latex/cjkpunct/CJKpunct.spa)) (c:/texlive/2020/texmf-dist/tex/latex/cjk/texinput/CJKspace.sty
Package: CJKspace 2015/04/18 3.8.0
) (c:/texlive/2020/texmf-dist/tex/latex/ctex/ctexspa.def
File: ctexspa.def 2019/05/29 v2.4.16 Space info for CJKpunct (CTEX)
) (c:/texlive/2020/texmf-dist/tex/latex/cjk/texinput/CJKfntef.sty
Package: CJKfntef 2015/04/18 4.8.4
 (c:/texlive/2020/texmf-dist/tex/latex/cjk/texinput/CJKulem.sty
Package: CJKulem 2015/04/18 4.8.4
 (c:/texlive/2020/texmf-dist/tex/generic/ulem/ulem.sty
\UL@box=\box48
\UL@hyphenbox=\box49
\UL@skip=\skip49
\UL@hook=\toks17
\UL@height=\dimen136
\UL@pe=\count188
\UL@pixel=\dimen137
\ULC@box=\box50
Package: ulem 2019/11/18
\ULdepth=\dimen138
)
\UL@lastkern=\dimen139
\CJK@skip=\skip50
)
\CJK@fntefSkip=\skip51
\CJK@nest=\count189
\CJK@fntefDimen=\dimen140
\CJK@underdotBox=\box51
\CJK@ULbox=\box52
\CJK@underanyskip=\dimen141
)
\ccwd=\dimen142
\l__ctex_ccglue_skip=\skip52
)
\l__ctex_ziju_dim=\dimen143
 (c:/texlive/2020/texmf-dist/tex/latex/zhnumber/zhnumber.sty
Package: zhnumber 2019/04/07 v2.7 Typesetting numbers with Chinese glyphs
\l__zhnum_scale_int=\count190
\l__zhnum_byte_min_int=\count191
\l__zhnum_byte_max_int=\count192
 (c:/texlive/2020/texmf-dist/tex/latex/zhnumber/zhnumber-utf8.cfg
File: zhnumber-utf8.cfg 2019/04/07 v2.7 Chinese numerals with UTF8 encoding
))
\l__ctex_heading_skip=\skip53
 (c:/texlive/2020/texmf-dist/tex/latex/ctex/scheme/ctex-scheme-chinese-article.def
File: ctex-scheme-chinese-article.def 2019/05/29 v2.4.16 Chinese scheme for article (CTEX)
 (c:/texlive/2020/texmf-dist/tex/latex/ctex/config/ctex-name-utf8.cfg
File: ctex-name-utf8.cfg 2019/05/29 v2.4.16 Caption with encoding UTF8 (CTEX)
)) (c:/texlive/2020/texmf-dist/tex/latex/ctex/fontset/ctex-fontset-windows.def
File: ctex-fontset-windows.def 2019/05/29 v2.4.16 Windows fonts definition (CTEX)
 (c:/texlive/2020/texmf-dist/tex/latex/ctex/fontset/ctex-fontset-windowsnew.def
File: ctex-fontset-windowsnew.def 2019/05/29 v2.4.16 Windows fonts definition for Vista or later version (CTEX)
 (c:/texlive/2020/texmf-dist/tex/generic/ctex/zhwindowsfonts.tex
File: zhwindowsfonts.tex 2019/05/29 v2.4.16 Windows font map loader for pdfTeX and DVIPDFMx (CTEX)
{c:/texlive/2020/texmf-var/fonts/map/pdftex/updmap/pdftex.map}{UGBK.sfd}{Unicode.sfd})))) (c:/texlive/2020/texmf-dist/tex/latex/ctex/config/ctex.cfg
File: ctex.cfg 2019/05/29 v2.4.16 Configuration file (CTEX)
) (c:/texlive/2020/texmf-dist/tex/latex/geometry/geometry.sty
Package: geometry 2020/01/02 v5.9 Page Geometry
 (c:/texlive/2020/texmf-dist/tex/latex/graphics/keyval.sty
Package: keyval 2014/10/28 v1.15 key=value parser (DPC)
\KV@toks@=\toks18
) (c:/texlive/2020/texmf-dist/tex/generic/iftex/ifvtex.sty
Package: ifvtex 2019/10/25 v1.7 ifvtex legacy package. Use iftex instead.
)
\Gm@cnth=\count193
\Gm@cntv=\count194
\c@Gm@tempcnt=\count195
\Gm@bindingoffset=\dimen144
\Gm@wd@mp=\dimen145
\Gm@odd@mp=\dimen146
\Gm@even@mp=\dimen147
\Gm@layoutwidth=\dimen148
\Gm@layoutheight=\dimen149
\Gm@layouthoffset=\dimen150
\Gm@layoutvoffset=\dimen151
\Gm@dimlist=\toks19
) (c:/texlive/2020/texmf-dist/tex/latex/hyperref/hyperref.sty
Package: hyperref 2020/01/14 v7.00d Hypertext links for LaTeX
 (c:/texlive/2020/texmf-dist/tex/generic/ltxcmds/ltxcmds.sty
Package: ltxcmds 2019/12/15 v1.24 LaTeX kernel commands for general use (HO)
) (c:/texlive/2020/texmf-dist/tex/latex/pdftexcmds/pdftexcmds.sty
Package: pdftexcmds 2019/11/24 v0.31 Utility functions of pdfTeX for LuaTeX (HO)
 (c:/texlive/2020/texmf-dist/tex/generic/infwarerr/infwarerr.sty
Package: infwarerr 2019/12/03 v1.5 Providing info/warning/error messages (HO)
)
Package pdftexcmds Info: \pdf@primitive is available.
Package pdftexcmds Info: \pdf@ifprimitive is available.
Package pdftexcmds Info: \pdfdraftmode found.
) (c:/texlive/2020/texmf-dist/tex/generic/kvsetkeys/kvsetkeys.sty
Package: kvsetkeys 2019/12/15 v1.18 Key value parser (HO)
) (c:/texlive/2020/texmf-dist/tex/generic/kvdefinekeys/kvdefinekeys.sty
Package: kvdefinekeys 2019-12-19 v1.6 Define keys (HO)
) (c:/texlive/2020/texmf-dist/tex/generic/pdfescape/pdfescape.sty
Package: pdfescape 2019/12/09 v1.15 Implements pdfTeX's escape features (HO)
) (c:/texlive/2020/texmf-dist/tex/latex/hycolor/hycolor.sty
Package: hycolor 2020-01-27 v1.10 Color options for hyperref/bookmark (HO)
) (c:/texlive/2020/texmf-dist/tex/latex/letltxmacro/letltxmacro.sty
Package: letltxmacro 2019/12/03 v1.6 Let assignment for LaTeX macros (HO)
) (c:/texlive/2020/texmf-dist/tex/latex/auxhook/auxhook.sty
Package: auxhook 2019-12-17 v1.6 Hooks for auxiliary files (HO)
) (c:/texlive/2020/texmf-dist/tex/latex/kvoptions/kvoptions.sty
Package: kvoptions 2019/11/29 v3.13 Key value format for package options (HO)
)
\@linkdim=\dimen152
\Hy@linkcounter=\count196
\Hy@pagecounter=\count197
 (c:/texlive/2020/texmf-dist/tex/latex/hyperref/pd1enc.def
File: pd1enc.def 2020/01/14 v7.00d Hyperref: PDFDocEncoding definition (HO)
Now handling font encoding PD1 ...
... no UTF-8 mapping file for font encoding PD1
) (c:/texlive/2020/texmf-dist/tex/generic/intcalc/intcalc.sty
Package: intcalc 2019/12/15 v1.3 Expandable calculations with integers (HO)
) (c:/texlive/2020/texmf-dist/tex/generic/etexcmds/etexcmds.sty
Package: etexcmds 2019/12/15 v1.7 Avoid name clashes with e-TeX commands (HO)
)
\Hy@SavedSpaceFactor=\count198
Package hyperref Info: Option `unicode' set `true' on input line 4421.
 (c:/texlive/2020/texmf-dist/tex/latex/hyperref/puenc.def
File: puenc.def 2020/01/14 v7.00d Hyperref: PDF Unicode definition (HO)
Now handling font encoding PU ...
... no UTF-8 mapping file for font encoding PU
)
Package hyperref Info: Option `unicode' set `true' on input line 4421.
Package hyperref Info: Option `colorlinks' set `true' on input line 4421.
Package hyperref Info: Option `bookmarksnumbered' set `true' on input line 4421.
Package hyperref Info: Hyper figures OFF on input line 4547.
Package hyperref Info: Link nesting OFF on input line 4552.
Package hyperref Info: Hyper index ON on input line 4555.
Package hyperref Info: Plain pages OFF on input line 4562.
Package hyperref Info: Backreferencing OFF on input line 4567.
Package hyperref Info: Implicit mode ON; LaTeX internals redefined.
Package hyperref Info: Bookmarks ON on input line 4800.
\c@Hy@tempcnt=\count199
 (c:/texlive/2020/texmf-dist/tex/latex/url/url.sty
\Urlmuskip=\muskip16
Package: url 2013/09/16  ver 3.4  Verb mode for urls, etc.
)
LaTeX Info: Redefining \url on input line 5159.
\XeTeXLinkMargin=\dimen153
 (c:/texlive/2020/texmf-dist/tex/generic/bitset/bitset.sty
Package: bitset 2019/12/09 v1.3 Handle bit-vector datatype (HO)
 (c:/texlive/2020/texmf-dist/tex/generic/bigintcalc/bigintcalc.sty
Package: bigintcalc 2019/12/15 v1.5 Expandable calculations on big integers (HO)
))
\Fld@menulength=\count266
\Field@Width=\dimen154
\Fld@charsize=\dimen155
Package hyperref Info: Hyper figures OFF on input line 6430.
Package hyperref Info: Link nesting OFF on input line 6435.
Package hyperref Info: Hyper index ON on input line 6438.
Package hyperref Info: backreferencing OFF on input line 6445.
Package hyperref Info: Link coloring ON on input line 6448.
Package hyperref Info: Link coloring with OCG OFF on input line 6455.
Package hyperref Info: PDF/A mode OFF on input line 6460.
LaTeX Info: Redefining \ref on input line 6500.
LaTeX Info: Redefining \pageref on input line 6504.
 (c:/texlive/2020/texmf-dist/tex/generic/atbegshi/atbegshi.sty
Package: atbegshi 2019/12/05 v1.19 At begin shipout hook (HO)
)
\Hy@abspage=\count267
\c@Item=\count268
\c@Hfootnote=\count269
)
Package hyperref Info: Driver (autodetected): hpdftex.
 (c:/texlive/2020/texmf-dist/tex/latex/hyperref/hpdftex.def
File: hpdftex.def 2020/01/14 v7.00d Hyperref driver for pdfTeX
 (c:/texlive/2020/texmf-dist/tex/latex/atveryend/atveryend.sty
Package: atveryend 2019-12-11 v1.11 Hooks at the very end of document (HO)
Package atveryend Info: \enddocument detected (standard20110627).
)
\Fld@listcount=\count270
\c@bookmark@seq@number=\count271
 (c:/texlive/2020/texmf-dist/tex/latex/rerunfilecheck/rerunfilecheck.sty
Package: rerunfilecheck 2019/12/05 v1.9 Rerun checks for auxiliary files (HO)
 (c:/texlive/2020/texmf-dist/tex/generic/uniquecounter/uniquecounter.sty
Package: uniquecounter 2019/12/15 v1.4 Provide unlimited unique counter (HO)
)
Package uniquecounter Info: New unique counter `rerunfilecheck' on input line 286.
)
\Hy@SectionHShift=\skip54
) (c:/texlive/2020/texmf-dist/tex/latex/graphics/graphicx.sty
Package: graphicx 2019/11/30 v1.2a Enhanced LaTeX Graphics (DPC,SPQR)
 (c:/texlive/2020/texmf-dist/tex/latex/graphics/graphics.sty
Package: graphics 2019/11/30 v1.4a Standard LaTeX Graphics (DPC,SPQR)
 (c:/texlive/2020/texmf-dist/tex/latex/graphics/trig.sty
Package: trig 2016/01/03 v1.10 sin cos tan (DPC)
) (c:/texlive/2020/texmf-dist/tex/latex/graphics-cfg/graphics.cfg
File: graphics.cfg 2016/06/04 v1.11 sample graphics configuration
)
Package graphics Info: Driver file: pdftex.def on input line 105.
 (c:/texlive/2020/texmf-dist/tex/latex/graphics-def/pdftex.def
File: pdftex.def 2018/01/08 v1.0l Graphics/color driver for pdftex
))
\Gin@req@height=\dimen156
\Gin@req@width=\dimen157
) (c:/texlive/2020/texmf-dist/tex/latex/amsfonts/amsfonts.sty
Package: amsfonts 2013/01/14 v3.01 Basic AMSFonts support
\@emptytoks=\toks20
\symAMSa=\mathgroup4
\symAMSb=\mathgroup5
LaTeX Font Info:    Redeclaring math symbol \hbar on input line 98.
LaTeX Font Info:    Overwriting math alphabet `\mathfrak' in version `bold'
(Font)                  U/euf/m/n --> U/euf/b/n on input line 106.
) (c:/texlive/2020/texmf-dist/tex/latex/amsfonts/amssymb.sty
Package: amssymb 2013/01/14 v3.01 AMS font symbols
) (c:/texlive/2020/texmf-dist/tex/latex/amsmath/amsmath.sty
Package: amsmath 2020/01/20 v2.17e AMS math features
\@mathmargin=\skip55

For additional information on amsmath, use the `?' option.
(c:/texlive/2020/texmf-dist/tex/latex/amsmath/amstext.sty
Package: amstext 2000/06/29 v2.01 AMS text
 (c:/texlive/2020/texmf-dist/tex/latex/amsmath/amsgen.sty
File: amsgen.sty 1999/11/30 v2.0 generic functions
\@emptytoks=\toks21
\ex@=\dimen158
)) (c:/texlive/2020/texmf-dist/tex/latex/amsmath/amsbsy.sty
Package: amsbsy 1999/11/29 v1.2d Bold Symbols
\pmbraise@=\dimen159
) (c:/texlive/2020/texmf-dist/tex/latex/amsmath/amsopn.sty
Package: amsopn 2016/03/08 v2.02 operator names
)
\inf@bad=\count272
LaTeX Info: Redefining \frac on input line 227.
\uproot@=\count273
\leftroot@=\count274
LaTeX Info: Redefining \overline on input line 389.
\classnum@=\count275
\DOTSCASE@=\count276
LaTeX Info: Redefining \ldots on input line 486.
LaTeX Info: Redefining \dots on input line 489.
LaTeX Info: Redefining \cdots on input line 610.
\Mathstrutbox@=\box53
\strutbox@=\box54
\big@size=\dimen160
LaTeX Font Info:    Redeclaring font encoding OML on input line 733.
LaTeX Font Info:    Redeclaring font encoding OMS on input line 734.
\macc@depth=\count277
\c@MaxMatrixCols=\count278
\dotsspace@=\muskip17
\c@parentequation=\count279
\dspbrk@lvl=\count280
\tag@help=\toks22
\row@=\count281
\column@=\count282
\maxfields@=\count283
\andhelp@=\toks23
\eqnshift@=\dimen161
\alignsep@=\dimen162
\tagshift@=\dimen163
\tagwidth@=\dimen164
\totwidth@=\dimen165
\lineht@=\dimen166
\@envbody=\toks24
\multlinegap=\skip56
\multlinetaggap=\skip57
\mathdisplay@stack=\toks25
LaTeX Info: Redefining \[ on input line 2859.
LaTeX Info: Redefining \] on input line 2860.
) (c:/texlive/2020/texmf-dist/tex/latex/amscls/amsthm.sty
Package: amsthm 2017/10/31 v2.20.4
\thm@style=\toks26
\thm@bodyfont=\toks27
\thm@headfont=\toks28
\thm@notefont=\toks29
\thm@headpunct=\toks30
\thm@preskip=\skip58
\thm@postskip=\skip59
\thm@headsep=\skip60
\dth@everypar=\toks31
) (c:/texlive/2020/texmf-dist/tex/latex/pgfplots/pgfplots.sty (c:/texlive/2020/texmf-dist/tex/generic/pgfplots/pgfplots.revision.tex)
Package: pgfplots 2020/02/29 v1.17 Data Visualization (1.17)
 (c:/texlive/2020/texmf-dist/tex/latex/pgf/frontendlayer/tikz.sty (c:/texlive/2020/texmf-dist/tex/latex/pgf/basiclayer/pgf.sty (c:/texlive/2020/texmf-dist/tex/latex/pgf/utilities/pgfrcs.sty (c:/texlive/2020/texmf-dist/tex/generic/pgf/utilities/pgfutil-common.tex
\pgfutil@everybye=\toks32
\pgfutil@tempdima=\dimen167
\pgfutil@tempdimb=\dimen168
 (c:/texlive/2020/texmf-dist/tex/generic/pgf/utilities/pgfutil-common-lists.tex)) (c:/texlive/2020/texmf-dist/tex/generic/pgf/utilities/pgfutil-latex.def
\pgfutil@abb=\box55
 (c:/texlive/2020/texmf-dist/tex/latex/ms/everyshi.sty
Package: everyshi 2001/05/15 v3.00 EveryShipout Package (MS)
)) (c:/texlive/2020/texmf-dist/tex/generic/pgf/utilities/pgfrcs.code.tex (c:/texlive/2020/texmf-dist/tex/generic/pgf/pgf.revision.tex)
Package: pgfrcs 2020/01/08 v3.1.5b (3.1.5b)
))
Package: pgf 2020/01/08 v3.1.5b (3.1.5b)
 (c:/texlive/2020/texmf-dist/tex/latex/pgf/basiclayer/pgfcore.sty (c:/texlive/2020/texmf-dist/tex/latex/pgf/systemlayer/pgfsys.sty (c:/texlive/2020/texmf-dist/tex/generic/pgf/systemlayer/pgfsys.code.tex
Package: pgfsys 2020/01/08 v3.1.5b (3.1.5b)
 (c:/texlive/2020/texmf-dist/tex/generic/pgf/utilities/pgfkeys.code.tex
\pgfkeys@pathtoks=\toks33
\pgfkeys@temptoks=\toks34
 (c:/texlive/2020/texmf-dist/tex/generic/pgf/utilities/pgfkeysfiltered.code.tex
\pgfkeys@tmptoks=\toks35
))
\pgf@x=\dimen169
\pgf@y=\dimen170
\pgf@xa=\dimen171
\pgf@ya=\dimen172
\pgf@xb=\dimen173
\pgf@yb=\dimen174
\pgf@xc=\dimen175
\pgf@yc=\dimen176
\pgf@xd=\dimen177
\pgf@yd=\dimen178
\w@pgf@writea=\write3
\r@pgf@reada=\read2
\c@pgf@counta=\count284
\c@pgf@countb=\count285
\c@pgf@countc=\count286
\c@pgf@countd=\count287
\t@pgf@toka=\toks36
\t@pgf@tokb=\toks37
\t@pgf@tokc=\toks38
\pgf@sys@id@count=\count288
 (c:/texlive/2020/texmf-dist/tex/generic/pgf/systemlayer/pgf.cfg
File: pgf.cfg 2020/01/08 v3.1.5b (3.1.5b)
)
Driver file for pgf: pgfsys-pdftex.def
 (c:/texlive/2020/texmf-dist/tex/generic/pgf/systemlayer/pgfsys-pdftex.def
File: pgfsys-pdftex.def 2020/01/08 v3.1.5b (3.1.5b)
 (c:/texlive/2020/texmf-dist/tex/generic/pgf/systemlayer/pgfsys-common-pdf.def
File: pgfsys-common-pdf.def 2020/01/08 v3.1.5b (3.1.5b)
))) (c:/texlive/2020/texmf-dist/tex/generic/pgf/systemlayer/pgfsyssoftpath.code.tex
File: pgfsyssoftpath.code.tex 2020/01/08 v3.1.5b (3.1.5b)
\pgfsyssoftpath@smallbuffer@items=\count289
\pgfsyssoftpath@bigbuffer@items=\count290
) (c:/texlive/2020/texmf-dist/tex/generic/pgf/systemlayer/pgfsysprotocol.code.tex
File: pgfsysprotocol.code.tex 2020/01/08 v3.1.5b (3.1.5b)
)) (c:/texlive/2020/texmf-dist/tex/latex/xcolor/xcolor.sty
Package: xcolor 2016/05/11 v2.12 LaTeX color extensions (UK)
 (c:/texlive/2020/texmf-dist/tex/latex/graphics-cfg/color.cfg
File: color.cfg 2016/01/02 v1.6 sample color configuration
)
Package xcolor Info: Driver file: pdftex.def on input line 225.
Package xcolor Info: Model `cmy' substituted by `cmy0' on input line 1348.
Package xcolor Info: Model `hsb' substituted by `rgb' on input line 1352.
Package xcolor Info: Model `RGB' extended on input line 1364.
Package xcolor Info: Model `HTML' substituted by `rgb' on input line 1366.
Package xcolor Info: Model `Hsb' substituted by `hsb' on input line 1367.
Package xcolor Info: Model `tHsb' substituted by `hsb' on input line 1368.
Package xcolor Info: Model `HSB' substituted by `hsb' on input line 1369.
Package xcolor Info: Model `Gray' substituted by `gray' on input line 1370.
Package xcolor Info: Model `wave' substituted by `hsb' on input line 1371.
) (c:/texlive/2020/texmf-dist/tex/generic/pgf/basiclayer/pgfcore.code.tex
Package: pgfcore 2020/01/08 v3.1.5b (3.1.5b)
 (c:/texlive/2020/texmf-dist/tex/generic/pgf/math/pgfmath.code.tex (c:/texlive/2020/texmf-dist/tex/generic/pgf/math/pgfmathcalc.code.tex (c:/texlive/2020/texmf-dist/tex/generic/pgf/math/pgfmathutil.code.tex) (c:/texlive/2020/texmf-dist/tex/generic/pgf/math/pgfmathparser.code.tex
\pgfmath@dimen=\dimen179
\pgfmath@count=\count291
\pgfmath@box=\box56
\pgfmath@toks=\toks39
\pgfmath@stack@operand=\toks40
\pgfmath@stack@operation=\toks41
) (c:/texlive/2020/texmf-dist/tex/generic/pgf/math/pgfmathfunctions.code.tex (c:/texlive/2020/texmf-dist/tex/generic/pgf/math/pgfmathfunctions.basic.code.tex) (c:/texlive/2020/texmf-dist/tex/generic/pgf/math/pgfmathfunctions.trigonometric.code.tex) (c:/texlive/2020/texmf-dist/tex/generic/pgf/math/pgfmathfunctions.random.code.tex) (c:/texlive/2020/texmf-dist/tex/generic/pgf/math/pgfmathfunctions.comparison.code.tex) (c:/texlive/2020/texmf-dist/tex/generic/pgf/math/pgfmathfunctions.base.code.tex) (c:/texlive/2020/texmf-dist/tex/generic/pgf/math/pgfmathfunctions.round.code.tex) (c:/texlive/2020/texmf-dist/tex/generic/pgf/math/pgfmathfunctions.misc.code.tex) (c:/texlive/2020/texmf-dist/tex/generic/pgf/math/pgfmathfunctions.integerarithmetics.code.tex))) (c:/texlive/2020/texmf-dist/tex/generic/pgf/math/pgfmathfloat.code.tex
\c@pgfmathroundto@lastzeros=\count292
)) (c:/texlive/2020/texmf-dist/tex/generic/pgf/math/pgfint.code.tex) (c:/texlive/2020/texmf-dist/tex/generic/pgf/basiclayer/pgfcorepoints.code.tex
File: pgfcorepoints.code.tex 2020/01/08 v3.1.5b (3.1.5b)
\pgf@picminx=\dimen180
\pgf@picmaxx=\dimen181
\pgf@picminy=\dimen182
\pgf@picmaxy=\dimen183
\pgf@pathminx=\dimen184
\pgf@pathmaxx=\dimen185
\pgf@pathminy=\dimen186
\pgf@pathmaxy=\dimen187
\pgf@xx=\dimen188
\pgf@xy=\dimen189
\pgf@yx=\dimen190
\pgf@yy=\dimen191
\pgf@zx=\dimen192
\pgf@zy=\dimen193
) (c:/texlive/2020/texmf-dist/tex/generic/pgf/basiclayer/pgfcorepathconstruct.code.tex
File: pgfcorepathconstruct.code.tex 2020/01/08 v3.1.5b (3.1.5b)
\pgf@path@lastx=\dimen194
\pgf@path@lasty=\dimen195
) (c:/texlive/2020/texmf-dist/tex/generic/pgf/basiclayer/pgfcorepathusage.code.tex
File: pgfcorepathusage.code.tex 2020/01/08 v3.1.5b (3.1.5b)
\pgf@shorten@end@additional=\dimen196
\pgf@shorten@start@additional=\dimen197
) (c:/texlive/2020/texmf-dist/tex/generic/pgf/basiclayer/pgfcorescopes.code.tex
File: pgfcorescopes.code.tex 2020/01/08 v3.1.5b (3.1.5b)
\pgfpic=\box57
\pgf@hbox=\box58
\pgf@layerbox@main=\box59
\pgf@picture@serial@count=\count293
) (c:/texlive/2020/texmf-dist/tex/generic/pgf/basiclayer/pgfcoregraphicstate.code.tex
File: pgfcoregraphicstate.code.tex 2020/01/08 v3.1.5b (3.1.5b)
\pgflinewidth=\dimen198
) (c:/texlive/2020/texmf-dist/tex/generic/pgf/basiclayer/pgfcoretransformations.code.tex
File: pgfcoretransformations.code.tex 2020/01/08 v3.1.5b (3.1.5b)
\pgf@pt@x=\dimen199
\pgf@pt@y=\dimen256
\pgf@pt@temp=\dimen257
) (c:/texlive/2020/texmf-dist/tex/generic/pgf/basiclayer/pgfcorequick.code.tex
File: pgfcorequick.code.tex 2020/01/08 v3.1.5b (3.1.5b)
) (c:/texlive/2020/texmf-dist/tex/generic/pgf/basiclayer/pgfcoreobjects.code.tex
File: pgfcoreobjects.code.tex 2020/01/08 v3.1.5b (3.1.5b)
) (c:/texlive/2020/texmf-dist/tex/generic/pgf/basiclayer/pgfcorepathprocessing.code.tex
File: pgfcorepathprocessing.code.tex 2020/01/08 v3.1.5b (3.1.5b)
) (c:/texlive/2020/texmf-dist/tex/generic/pgf/basiclayer/pgfcorearrows.code.tex
File: pgfcorearrows.code.tex 2020/01/08 v3.1.5b (3.1.5b)
\pgfarrowsep=\dimen258
) (c:/texlive/2020/texmf-dist/tex/generic/pgf/basiclayer/pgfcoreshade.code.tex
File: pgfcoreshade.code.tex 2020/01/08 v3.1.5b (3.1.5b)
\pgf@max=\dimen259
\pgf@sys@shading@range@num=\count294
\pgf@shadingcount=\count295
) (c:/texlive/2020/texmf-dist/tex/generic/pgf/basiclayer/pgfcoreimage.code.tex
File: pgfcoreimage.code.tex 2020/01/08 v3.1.5b (3.1.5b)
 (c:/texlive/2020/texmf-dist/tex/generic/pgf/basiclayer/pgfcoreexternal.code.tex
File: pgfcoreexternal.code.tex 2020/01/08 v3.1.5b (3.1.5b)
\pgfexternal@startupbox=\box60
)) (c:/texlive/2020/texmf-dist/tex/generic/pgf/basiclayer/pgfcorelayers.code.tex
File: pgfcorelayers.code.tex 2020/01/08 v3.1.5b (3.1.5b)
) (c:/texlive/2020/texmf-dist/tex/generic/pgf/basiclayer/pgfcoretransparency.code.tex
File: pgfcoretransparency.code.tex 2020/01/08 v3.1.5b (3.1.5b)
) (c:/texlive/2020/texmf-dist/tex/generic/pgf/basiclayer/pgfcorepatterns.code.tex
File: pgfcorepatterns.code.tex 2020/01/08 v3.1.5b (3.1.5b)
) (c:/texlive/2020/texmf-dist/tex/generic/pgf/basiclayer/pgfcorerdf.code.tex
File: pgfcorerdf.code.tex 2020/01/08 v3.1.5b (3.1.5b)
))) (c:/texlive/2020/texmf-dist/tex/generic/pgf/modules/pgfmoduleshapes.code.tex
File: pgfmoduleshapes.code.tex 2020/01/08 v3.1.5b (3.1.5b)
\pgfnodeparttextbox=\box61
) (c:/texlive/2020/texmf-dist/tex/generic/pgf/modules/pgfmoduleplot.code.tex
File: pgfmoduleplot.code.tex 2020/01/08 v3.1.5b (3.1.5b)
) (c:/texlive/2020/texmf-dist/tex/latex/pgf/compatibility/pgfcomp-version-0-65.sty
Package: pgfcomp-version-0-65 2020/01/08 v3.1.5b (3.1.5b)
\pgf@nodesepstart=\dimen260
\pgf@nodesepend=\dimen261
) (c:/texlive/2020/texmf-dist/tex/latex/pgf/compatibility/pgfcomp-version-1-18.sty
Package: pgfcomp-version-1-18 2020/01/08 v3.1.5b (3.1.5b)
)) (c:/texlive/2020/texmf-dist/tex/latex/pgf/utilities/pgffor.sty (c:/texlive/2020/texmf-dist/tex/latex/pgf/utilities/pgfkeys.sty (c:/texlive/2020/texmf-dist/tex/generic/pgf/utilities/pgfkeys.code.tex)) (c:/texlive/2020/texmf-dist/tex/latex/pgf/math/pgfmath.sty (c:/texlive/2020/texmf-dist/tex/generic/pgf/math/pgfmath.code.tex)) (c:/texlive/2020/texmf-dist/tex/generic/pgf/utilities/pgffor.code.tex
Package: pgffor 2020/01/08 v3.1.5b (3.1.5b)
 (c:/texlive/2020/texmf-dist/tex/generic/pgf/math/pgfmath.code.tex)
\pgffor@iter=\dimen262
\pgffor@skip=\dimen263
\pgffor@stack=\toks42
\pgffor@toks=\toks43
)) (c:/texlive/2020/texmf-dist/tex/generic/pgf/frontendlayer/tikz/tikz.code.tex
Package: tikz 2020/01/08 v3.1.5b (3.1.5b)
 (c:/texlive/2020/texmf-dist/tex/generic/pgf/libraries/pgflibraryplothandlers.code.tex
File: pgflibraryplothandlers.code.tex 2020/01/08 v3.1.5b (3.1.5b)
\pgf@plot@mark@count=\count296
\pgfplotmarksize=\dimen264
)
\tikz@lastx=\dimen265
\tikz@lasty=\dimen266
\tikz@lastxsaved=\dimen267
\tikz@lastysaved=\dimen268
\tikz@lastmovetox=\dimen269
\tikz@lastmovetoy=\dimen270
\tikzleveldistance=\dimen271
\tikzsiblingdistance=\dimen272
\tikz@figbox=\box62
\tikz@figbox@bg=\box63
\tikz@tempbox=\box64
\tikz@tempbox@bg=\box65
\tikztreelevel=\count297
\tikznumberofchildren=\count298
\tikznumberofcurrentchild=\count299
\tikz@fig@count=\count300
 (c:/texlive/2020/texmf-dist/tex/generic/pgf/modules/pgfmodulematrix.code.tex
File: pgfmodulematrix.code.tex 2020/01/08 v3.1.5b (3.1.5b)
\pgfmatrixcurrentrow=\count301
\pgfmatrixcurrentcolumn=\count302
\pgf@matrix@numberofcolumns=\count303
)
\tikz@expandcount=\count304
 (c:/texlive/2020/texmf-dist/tex/generic/pgf/frontendlayer/tikz/libraries/tikzlibrarytopaths.code.tex
File: tikzlibrarytopaths.code.tex 2020/01/08 v3.1.5b (3.1.5b)
))) (c:/texlive/2020/texmf-dist/tex/generic/pgfplots/pgfplots.code.tex (c:/texlive/2020/texmf-dist/tex/generic/pgfplots/pgfplotscore.code.tex
\t@pgfplots@toka=\toks44
\t@pgfplots@tokb=\toks45
\t@pgfplots@tokc=\toks46
\pgfplots@tmpa=\dimen273
\c@pgfplots@coordindex=\count305
\c@pgfplots@scanlineindex=\count306
 (c:/texlive/2020/texmf-dist/tex/generic/pgfplots/sys/pgfplotssysgeneric.code.tex)) (c:/texlive/2020/texmf-dist/tex/generic/pgfplots/libs/pgfplotslibrary.code.tex) (c:/texlive/2020/texmf-dist/tex/generic/pgfplots/oldpgfcompatib/pgfplotsoldpgfsupp_loader.code.tex (c:/texlive/2020/texmf-dist/tex/generic/pgf/libraries/pgflibraryfpu.code.tex)) (c:/texlive/2020/texmf-dist/tex/generic/pgfplots/util/pgfplotsutil.code.tex (c:/texlive/2020/texmf-dist/tex/generic/pgfplots/liststructure/pgfplotsliststructure.code.tex) (c:/texlive/2020/texmf-dist/tex/generic/pgfplots/liststructure/pgfplotsliststructureext.code.tex) (c:/texlive/2020/texmf-dist/tex/generic/pgfplots/liststructure/pgfplotsarray.code.tex
\c@pgfplotsarray@tmp=\count307
) (c:/texlive/2020/texmf-dist/tex/generic/pgfplots/liststructure/pgfplotsmatrix.code.tex) (c:/texlive/2020/texmf-dist/tex/generic/pgfplots/numtable/pgfplotstableshared.code.tex
\c@pgfplotstable@counta=\count308
\t@pgfplotstable@a=\toks47
) (c:/texlive/2020/texmf-dist/tex/generic/pgfplots/liststructure/pgfplotsdeque.code.tex) (c:/texlive/2020/texmf-dist/tex/generic/pgfplots/util/pgfplotsbinary.code.tex (c:/texlive/2020/texmf-dist/tex/generic/pgfplots/util/pgfplotsbinary.data.code.tex)) (c:/texlive/2020/texmf-dist/tex/generic/pgfplots/util/pgfplotsutil.verb.code.tex) (c:/texlive/2020/texmf-dist/tex/generic/pgfplots/libs/pgflibrarypgfplots.surfshading.code.tex
\c@pgfplotslibrarysurf@no=\count309
 (c:/texlive/2020/texmf-dist/tex/generic/pgfplots/sys/pgflibrarypgfplots.surfshading.pgfsys-pdftex.def))) (c:/texlive/2020/texmf-dist/tex/generic/pgfplots/util/pgfplotscolormap.code.tex (c:/texlive/2020/texmf-dist/tex/generic/pgfplots/util/pgfplotscolor.code.tex)) (c:/texlive/2020/texmf-dist/tex/generic/pgfplots/pgfplotsstackedplots.code.tex) (c:/texlive/2020/texmf-dist/tex/generic/pgfplots/pgfplotsplothandlers.code.tex (c:/texlive/2020/texmf-dist/tex/generic/pgfplots/pgfplotsmeshplothandler.code.tex (c:/texlive/2020/texmf-dist/tex/generic/pgfplots/pgfplotsmeshplotimage.code.tex))) (c:/texlive/2020/texmf-dist/tex/generic/pgfplots/pgfplots.scaling.code.tex) (c:/texlive/2020/texmf-dist/tex/generic/pgfplots/pgfplotscoordprocessing.code.tex) (c:/texlive/2020/texmf-dist/tex/generic/pgfplots/pgfplots.errorbars.code.tex) (c:/texlive/2020/texmf-dist/tex/generic/pgfplots/pgfplots.markers.code.tex) (c:/texlive/2020/texmf-dist/tex/generic/pgfplots/pgfplotsticks.code.tex) (c:/texlive/2020/texmf-dist/tex/generic/pgfplots/pgfplots.paths.code.tex) (c:/texlive/2020/texmf-dist/tex/generic/pgf/frontendlayer/tikz/libraries/tikzlibrarydecorations.code.tex (c:/texlive/2020/texmf-dist/tex/generic/pgf/modules/pgfmoduledecorations.code.tex
\pgfdecoratedcompleteddistance=\dimen274
\pgfdecoratedremainingdistance=\dimen275
\pgfdecoratedinputsegmentcompleteddistance=\dimen276
\pgfdecoratedinputsegmentremainingdistance=\dimen277
\pgf@decorate@distancetomove=\dimen278
\pgf@decorate@repeatstate=\count310
\pgfdecorationsegmentamplitude=\dimen279
\pgfdecorationsegmentlength=\dimen280
)
\tikz@lib@dec@box=\box66
) (c:/texlive/2020/texmf-dist/tex/generic/pgf/frontendlayer/tikz/libraries/tikzlibrarydecorations.pathmorphing.code.tex (c:/texlive/2020/texmf-dist/tex/generic/pgf/libraries/decorations/pgflibrarydecorations.pathmorphing.code.tex)) (c:/texlive/2020/texmf-dist/tex/generic/pgf/frontendlayer/tikz/libraries/tikzlibrarydecorations.pathreplacing.code.tex (c:/texlive/2020/texmf-dist/tex/generic/pgf/libraries/decorations/pgflibrarydecorations.pathreplacing.code.tex))
\pgfplots@numplots=\count311
\pgfplots@xmin@reg=\dimen281
\pgfplots@xmax@reg=\dimen282
\pgfplots@ymin@reg=\dimen283
\pgfplots@ymax@reg=\dimen284
\pgfplots@zmin@reg=\dimen285
\pgfplots@zmax@reg=\dimen286
) (c:/texlive/2020/texmf-dist/tex/generic/pgf/frontendlayer/tikz/libraries/tikzlibraryplotmarks.code.tex
File: tikzlibraryplotmarks.code.tex 2020/01/08 v3.1.5b (3.1.5b)
 (c:/texlive/2020/texmf-dist/tex/generic/pgf/libraries/pgflibraryplotmarks.code.tex
File: pgflibraryplotmarks.code.tex 2020/01/08 v3.1.5b (3.1.5b)
))) (c:/texlive/2020/texmf-dist/tex/latex/tools/tabularx.sty
Package: tabularx 2020/01/15 v2.11c `tabularx' package (DPC)
 (c:/texlive/2020/texmf-dist/tex/latex/tools/array.sty
Package: array 2019/08/31 v2.4l Tabular extension package (FMi)
\col@sep=\dimen287
\ar@mcellbox=\box67
\extrarowheight=\dimen288
\NC@list=\toks48
\extratabsurround=\skip61
\backup@length=\skip62
\ar@cellbox=\box68
)
\TX@col@width=\dimen289
\TX@old@table=\dimen290
\TX@old@col=\dimen291
\TX@target=\dimen292
\TX@delta=\dimen293
\TX@cols=\count312
\TX@ftn=\toks49
) (c:/texlive/2020/texmf-dist/tex/latex/mdframed/mdframed.sty
Package: mdframed 2013/07/01 1.9b: mdframed
 (c:/texlive/2020/texmf-dist/tex/latex/etoolbox/etoolbox.sty
Package: etoolbox 2019/09/21 v2.5h e-TeX tools for LaTeX (JAW)
\etb@tempcnta=\count313
) (c:/texlive/2020/texmf-dist/tex/latex/zref/zref-abspage.sty
Package: zref-abspage 2020-03-03 v2.29 Module abspage for zref (HO)
 (c:/texlive/2020/texmf-dist/tex/latex/zref/zref-base.sty
Package: zref-base 2020-03-03 v2.29 Module base for zref (HO)
Package zref Info: New property list: main on input line 763.
Package zref Info: New property: default on input line 764.
Package zref Info: New property: page on input line 765.
)
\c@abspage=\count314
Package zref Info: New property: abspage on input line 66.
) (c:/texlive/2020/texmf-dist/tex/latex/needspace/needspace.sty
Package: needspace 2010/09/12 v1.3d reserve vertical space
)
\mdf@templength=\skip63
\c@mdf@globalstyle@cnt=\count315
\mdf@skipabove@length=\skip64
\mdf@skipbelow@length=\skip65
\mdf@leftmargin@length=\skip66
\mdf@rightmargin@length=\skip67
\mdf@innerleftmargin@length=\skip68
\mdf@innerrightmargin@length=\skip69
\mdf@innertopmargin@length=\skip70
\mdf@innerbottommargin@length=\skip71
\mdf@splittopskip@length=\skip72
\mdf@splitbottomskip@length=\skip73
\mdf@outermargin@length=\skip74
\mdf@innermargin@length=\skip75
\mdf@linewidth@length=\skip76
\mdf@innerlinewidth@length=\skip77
\mdf@middlelinewidth@length=\skip78
\mdf@outerlinewidth@length=\skip79
\mdf@roundcorner@length=\skip80
\mdf@footenotedistance@length=\skip81
\mdf@userdefinedwidth@length=\skip82
\mdf@needspace@length=\skip83
\mdf@frametitleaboveskip@length=\skip84
\mdf@frametitlebelowskip@length=\skip85
\mdf@frametitlerulewidth@length=\skip86
\mdf@frametitleleftmargin@length=\skip87
\mdf@frametitlerightmargin@length=\skip88
\mdf@shadowsize@length=\skip89
\mdf@extratopheight@length=\skip90
\mdf@subtitleabovelinewidth@length=\skip91
\mdf@subtitlebelowlinewidth@length=\skip92
\mdf@subtitleaboveskip@length=\skip93
\mdf@subtitlebelowskip@length=\skip94
\mdf@subtitleinneraboveskip@length=\skip95
\mdf@subtitleinnerbelowskip@length=\skip96
\mdf@subsubtitleabovelinewidth@length=\skip97
\mdf@subsubtitlebelowlinewidth@length=\skip98
\mdf@subsubtitleaboveskip@length=\skip99
\mdf@subsubtitlebelowskip@length=\skip100
\mdf@subsubtitleinneraboveskip@length=\skip101
\mdf@subsubtitleinnerbelowskip@length=\skip102
 (c:/texlive/2020/texmf-dist/tex/latex/mdframed/md-frame-0.mdf
File: md-frame-0.mdf 2013/07/01\ 1.9b: md-frame-0
)
\mdf@frametitlebox=\box69
\mdf@footnotebox=\box70
\mdf@splitbox@one=\box71
\mdf@splitbox@two=\box72
\mdf@splitbox@save=\box73
\mdfsplitboxwidth=\skip103
\mdfsplitboxtotalwidth=\skip104
\mdfsplitboxheight=\skip105
\mdfsplitboxdepth=\skip106
\mdfsplitboxtotalheight=\skip107
\mdfframetitleboxwidth=\skip108
\mdfframetitleboxtotalwidth=\skip109
\mdfframetitleboxheight=\skip110
\mdfframetitleboxdepth=\skip111
\mdfframetitleboxtotalheight=\skip112
\mdffootnoteboxwidth=\skip113
\mdffootnoteboxtotalwidth=\skip114
\mdffootnoteboxheight=\skip115
\mdffootnoteboxdepth=\skip116
\mdffootnoteboxtotalheight=\skip117
\mdftotallinewidth=\skip118
\mdfboundingboxwidth=\skip119
\mdfboundingboxtotalwidth=\skip120
\mdfboundingboxheight=\skip121
\mdfboundingboxdepth=\skip122
\mdfboundingboxtotalheight=\skip123
\mdf@freevspace@length=\skip124
\mdf@horizontalwidthofbox@length=\skip125
\mdf@verticalmarginwhole@length=\skip126
\mdf@horizontalspaceofbox=\skip127
\mdfsubtitleheight=\skip128
\mdfsubsubtitleheight=\skip129
\c@mdfcountframes=\count316

****** mdframed patching \endmdf@trivlist

****** -- success******

\mdf@envdepth=\count317
\c@mdf@env@i=\count318
\c@mdf@env@ii=\count319
\c@mdf@zref@counter=\count320
Package zref Info: New property: mdf@pagevalue on input line 895.
) (c:/texlive/2020/texmf-dist/tex/latex/listings/listings.sty
\lst@mode=\count321
\lst@gtempboxa=\box74
\lst@token=\toks50
\lst@length=\count322
\lst@currlwidth=\dimen294
\lst@column=\count323
\lst@pos=\count324
\lst@lostspace=\dimen295
\lst@width=\dimen296
\lst@newlines=\count325
\lst@lineno=\count326
\lst@maxwidth=\dimen297
 (c:/texlive/2020/texmf-dist/tex/latex/listings/lstmisc.sty
File: lstmisc.sty 2020/03/24 1.8d (Carsten Heinz)
\c@lstnumber=\count327
\lst@skipnumbers=\count328
\lst@framebox=\box75
) (c:/texlive/2020/texmf-dist/tex/latex/listings/listings.cfg
File: listings.cfg 2020/03/24 1.8d listings configuration
))
Package: listings 2020/03/24 1.8d (Carsten Heinz)
 (c:/texlive/2020/texmf-dist/tex/latex/algorithms/algorithm.sty
Package: algorithm 2009/08/24 v0.1 Document Style `algorithm' - floating environment
 (c:/texlive/2020/texmf-dist/tex/latex/float/float.sty
Package: float 2001/11/08 v1.3d Float enhancements (AL)
\c@float@type=\count329
\float@exts=\toks51
\float@box=\box76
\@float@everytoks=\toks52
\@floatcapt=\box77
) (c:/texlive/2020/texmf-dist/tex/latex/base/ifthen.sty
Package: ifthen 2014/09/29 v1.1c Standard LaTeX ifthen package (DPC)
)
\@float@every@algorithm=\toks53
\c@algorithm=\count330
) (c:/texlive/2020/texmf-dist/tex/latex/algorithmicx/algpseudocode.sty
Package: algpseudocode 
 (c:/texlive/2020/texmf-dist/tex/latex/algorithmicx/algorithmicx.sty
Package: algorithmicx 2005/04/27 v1.2 Algorithmicx

Document Style algorithmicx 1.2 - a greatly improved `algorithmic' style
\c@ALG@line=\count331
\c@ALG@rem=\count332
\c@ALG@nested=\count333
\ALG@tlm=\skip130
\ALG@thistlm=\skip131
\c@ALG@Lnr=\count334
\c@ALG@blocknr=\count335
\c@ALG@storecount=\count336
\c@ALG@tmpcounter=\count337
\ALG@tmplength=\skip132
)
Document Style - pseudocode environments for use with the `algorithmicx' style
) (c:/texlive/2020/texmf-dist/tex/latex/enumitem/enumitem.sty
Package: enumitem 2019/06/20 v3.9 Customized lists
\labelindent=\skip133
\enit@outerparindent=\dimen298
\enit@toks=\toks54
\enit@inbox=\box78
\enit@count@id=\count338
\enitdp@description=\count339
)
\c@theorem=\count340
\c@lemma=\count341
\c@corollary=\count342
\c@example=\count343
\c@definition=\count344
 (c:/texlive/2020/texmf-dist/tex/latex/cjk/texinput/UTF8/UTF8.bdg
File: UTF8.bdg 2015/04/18 4.8.4
) (c:/texlive/2020/texmf-dist/tex/latex/cjk/texinput/UTF8/UTF8.enc
File: UTF8.enc 2015/04/18 4.8.4
) (c:/texlive/2020/texmf-dist/tex/latex/cjk/texinput/UTF8/UTF8.chr
File: UTF8.chr 2015/04/18 4.8.4
) (c:/code/C++/Qt/Report/Report.aux)
\openout1 = `Report.aux'.

LaTeX Font Info:    Checking defaults for OML/cmm/m/it on input line 130.
LaTeX Font Info:    ... okay on input line 130.
LaTeX Font Info:    Checking defaults for OMS/cmsy/m/n on input line 130.
LaTeX Font Info:    ... okay on input line 130.
LaTeX Font Info:    Checking defaults for OT1/cmr/m/n on input line 130.
LaTeX Font Info:    ... okay on input line 130.
LaTeX Font Info:    Checking defaults for T1/cmr/m/n on input line 130.
LaTeX Font Info:    ... okay on input line 130.
LaTeX Font Info:    Checking defaults for TS1/cmr/m/n on input line 130.
LaTeX Font Info:    ... okay on input line 130.
LaTeX Font Info:    Checking defaults for OMX/cmex/m/n on input line 130.
LaTeX Font Info:    ... okay on input line 130.
LaTeX Font Info:    Checking defaults for U/cmr/m/n on input line 130.
LaTeX Font Info:    ... okay on input line 130.
LaTeX Font Info:    Checking defaults for C00/song/m/n on input line 130.
LaTeX Font Info:    ... okay on input line 130.
LaTeX Font Info:    Checking defaults for C05/song/m/n on input line 130.
LaTeX Font Info:    ... okay on input line 130.
LaTeX Font Info:    Checking defaults for C09/song/m/n on input line 130.
LaTeX Font Info:    ... okay on input line 130.
LaTeX Font Info:    Checking defaults for C10/song/m/n on input line 130.
LaTeX Font Info:    ... okay on input line 130.
LaTeX Font Info:    Checking defaults for C20/song/m/n on input line 130.
LaTeX Font Info:    ... okay on input line 130.
LaTeX Font Info:    Checking defaults for C19/song/m/n on input line 130.
LaTeX Font Info:    ... okay on input line 130.
LaTeX Font Info:    Checking defaults for C40/song/m/n on input line 130.
LaTeX Font Info:    ... okay on input line 130.
LaTeX Font Info:    Checking defaults for C42/song/m/n on input line 130.
LaTeX Font Info:    ... okay on input line 130.
LaTeX Font Info:    Checking defaults for C43/song/m/n on input line 130.
LaTeX Font Info:    ... okay on input line 130.
LaTeX Font Info:    Checking defaults for C50/song/m/n on input line 130.
LaTeX Font Info:    ... okay on input line 130.
LaTeX Font Info:    Checking defaults for C52/song/m/n on input line 130.
LaTeX Font Info:    ... okay on input line 130.
LaTeX Font Info:    Checking defaults for C49/song/m/n on input line 130.
LaTeX Font Info:    ... okay on input line 130.
LaTeX Font Info:    Checking defaults for C60/mj/m/n on input line 130.
LaTeX Font Info:    ... okay on input line 130.
LaTeX Font Info:    Checking defaults for C61/mj/m/n on input line 130.
LaTeX Font Info:    ... okay on input line 130.
LaTeX Font Info:    Checking defaults for C63/mj/m/n on input line 130.
LaTeX Font Info:    ... okay on input line 130.
LaTeX Font Info:    Checking defaults for C64/mj/m/n on input line 130.
LaTeX Font Info:    ... okay on input line 130.
LaTeX Font Info:    Checking defaults for C65/mj/m/n on input line 130.
LaTeX Font Info:    ... okay on input line 130.
LaTeX Font Info:    Checking defaults for C70/song/m/n on input line 130.
LaTeX Font Info:    ... okay on input line 130.
LaTeX Font Info:    Checking defaults for C31/song/m/n on input line 130.
LaTeX Font Info:    ... okay on input line 130.
LaTeX Font Info:    Checking defaults for C32/song/m/n on input line 130.
LaTeX Font Info:    ... okay on input line 130.
LaTeX Font Info:    Checking defaults for C33/song/m/n on input line 130.
LaTeX Font Info:    ... okay on input line 130.
LaTeX Font Info:    Checking defaults for C34/song/m/n on input line 130.
LaTeX Font Info:    ... okay on input line 130.
LaTeX Font Info:    Checking defaults for C35/song/m/n on input line 130.
LaTeX Font Info:    ... okay on input line 130.
LaTeX Font Info:    Checking defaults for C36/song/m/n on input line 130.
LaTeX Font Info:    ... okay on input line 130.
LaTeX Font Info:    Checking defaults for C37/song/m/n on input line 130.
LaTeX Font Info:    ... okay on input line 130.
LaTeX Font Info:    Checking defaults for C80/song/m/n on input line 130.
LaTeX Font Info:    ... okay on input line 130.
LaTeX Font Info:    Checking defaults for C81/song/m/n on input line 130.
LaTeX Font Info:    ... okay on input line 130.
LaTeX Font Info:    Checking defaults for C01/song/m/n on input line 130.
LaTeX Font Info:    ... okay on input line 130.
LaTeX Font Info:    Checking defaults for C11/song/m/n on input line 130.
LaTeX Font Info:    ... okay on input line 130.
LaTeX Font Info:    Checking defaults for C21/song/m/n on input line 130.
LaTeX Font Info:    ... okay on input line 130.
LaTeX Font Info:    Checking defaults for C41/song/m/n on input line 130.
LaTeX Font Info:    ... okay on input line 130.
LaTeX Font Info:    Checking defaults for C62/song/m/n on input line 130.
LaTeX Font Info:    ... okay on input line 130.
LaTeX Font Info:    Checking defaults for PD1/pdf/m/n on input line 130.
LaTeX Font Info:    ... okay on input line 130.
LaTeX Font Info:    Checking defaults for PU/pdf/m/n on input line 130.
LaTeX Font Info:    ... okay on input line 130.
 ABD: EverySelectfont initializing macros
LaTeX Info: Redefining \selectfont on input line 130.

*geometry* driver: auto-detecting
*geometry* detected driver: pdftex
*geometry* verbose mode - [ preamble ] result:
* driver: pdftex
* paper: a4paper
* layout: <same size as paper>
* layoutoffset:(h,v)=(0.0pt,0.0pt)
* modes: 
* h-part:(L,W,R)=(71.13188pt, 455.24411pt, 71.13188pt)
* v-part:(T,H,B)=(71.13188pt, 702.78308pt, 71.13188pt)
* \paperwidth=597.50787pt
* \paperheight=845.04684pt
* \textwidth=455.24411pt
* \textheight=702.78308pt
* \oddsidemargin=-1.1381pt
* \evensidemargin=-1.1381pt
* \topmargin=-38.1381pt
* \headheight=12.0pt
* \headsep=25.0pt
* \topskip=11.0pt
* \footskip=30.0pt
* \marginparwidth=50.0pt
* \marginparsep=10.0pt
* \columnsep=10.0pt
* \skip\footins=10.0pt plus 4.0pt minus 2.0pt
* \hoffset=0.0pt
* \voffset=0.0pt
* \mag=1000
* \@twocolumnfalse
* \@twosidefalse
* \@mparswitchfalse
* \@reversemarginfalse
* (1in=72.27pt=25.4mm, 1cm=28.453pt)

\AtBeginShipoutBox=\box79
Package hyperref Info: Link coloring ON on input line 130.
(c:/texlive/2020/texmf-dist/tex/latex/hyperref/nameref.sty
Package: nameref 2019/09/16 v2.46 Cross-referencing by name of section
 (c:/texlive/2020/texmf-dist/tex/latex/refcount/refcount.sty
Package: refcount 2019/12/15 v3.6 Data extraction from label references (HO)
) (c:/texlive/2020/texmf-dist/tex/generic/gettitlestring/gettitlestring.sty
Package: gettitlestring 2019/12/15 v1.6 Cleanup title references (HO)
)
\c@section@level=\count345
)
LaTeX Info: Redefining \ref on input line 130.
LaTeX Info: Redefining \pageref on input line 130.
LaTeX Info: Redefining \nameref on input line 130.
 (c:/code/C++/Qt/Report/Report.out) (c:/code/C++/Qt/Report/Report.out)
\@outlinefile=\write4
\openout4 = `Report.out'.

 (c:/texlive/2020/texmf-dist/tex/context/base/mkii/supp-pdf.mkii
[Loading MPS to PDF converter (version 2006.09.02).]
\scratchcounter=\count346
\scratchdimen=\dimen299
\scratchbox=\box80
\nofMPsegments=\count347
\nofMParguments=\count348
\everyMPshowfont=\toks55
\MPscratchCnt=\count349
\MPscratchDim=\dimen300
\MPnumerator=\count350
\makeMPintoPDFobject=\count351
\everyMPtoPDFconversion=\toks56
) (c:/texlive/2020/texmf-dist/tex/latex/epstopdf-pkg/epstopdf-base.sty
Package: epstopdf-base 2020-01-24 v2.11 Base part for package epstopdf
Package epstopdf-base Info: Redefining graphics rule for `.eps' on input line 485.
 (c:/texlive/2020/texmf-dist/tex/latex/latexconfig/epstopdf-sys.cfg
File: epstopdf-sys.cfg 2010/07/13 v1.3 Configuration of (r)epstopdf for TeX Live
)) ABD: EveryShipout initializing macros

Package pgfplots Warning: running in backwards compatibility mode (unsuitable tick labels; missing features). Consider writing \pgfplotsset{compat=1.17} into your preamble.
 on input line 130.

\c@lstlisting=\count352
LaTeX Font Info:    Trying to load font information for C70+gkai on input line 135.
(c:/texlive/2020/texmf-dist/tex/latex/cjk/texinput/UTF8/c70gkai.fd
File: c70gkai.fd 2015/04/18 4.8.4
) (c:/texlive/2020/texmf-dist/tex/latex/cjk/texinput/UTF8/c70gkai.fdx
File: c70gkai.fdx 2015/04/18 4.8.4
)
LaTeX Font Info:    Trying to load font information for U+msa on input line 135.
 (c:/texlive/2020/texmf-dist/tex/latex/amsfonts/umsa.fd
File: umsa.fd 2013/01/14 v3.01 AMS symbols A
)
LaTeX Font Info:    Trying to load font information for U+msb on input line 135.
 (c:/texlive/2020/texmf-dist/tex/latex/amsfonts/umsb.fd
File: umsb.fd 2013/01/14 v3.01 AMS symbols B
)
LaTeX Font Info:    Trying to load font information for C70+rm on input line 135.
 (c:/texlive/2020/texmf-dist/tex/latex/ctex/fd/c70rm.fd
File: c70rm.fd 2019/05/29 v2.4.16 Chinese font definition (CTEX)
) (c:/code/C++/Qt/Report/Report.toc (c:/texlive/2020/texmf-dist/tex/generic/ctex/zhwindowsfonts.tex
File: zhwindowsfonts.tex 2019/05/29 v2.4.16 Windows font map loader for pdfTeX and DVIPDFMx (CTEX)
) [1

])
\tf@toc=\write5
\openout5 = `Report.toc'.

Package CJKpunct Info: punctuation spaces for family 'gkai' do not exist. Use family 'def' instead. on input line 139.

Overfull \hbox (2.7702pt too wide) in paragraph at lines 154--155
[]\C70/gkai/m/n/10.95/70 ¹ \C70/gkai/bx/n/10.95/51 û \C70/gkai/m/n/10.95/5b ü \C70/gkai/bx/n/10.95/51 e \C70/gkai/bx/n/10.95/8b þ \C70/gkai/m/n/10.95/88 h \C70/gkai/m/n/10.95/63 	 \C70/gkai/m/n/10.95/94 ®|\C70/gkai/m/n/10.95/ff ^^L| \C70/gkai/bx/n/10.95/53 ï \C70/gkai/m/n/10.95/4e å Î \C70/gkai/m/n/10.95/65  \C70/gkai/m/n/10.95/4e ö \C70/gkai/m/n/10.95/8d D \C70/gkai/m/n/10.95/6e  \C70/gkai/m/n/10.95/7b ¡ \C70/gkai/m/n/10.95/74 ^^F \C70/gkai/m/n/10.95/56 h \C70/gkai/m/n/10.95/4e - \C70/gkai/bx/n/10.95/62 S \C70/gkai/m/n/10.95/5f ^^@ \C70/gkai/m/n/10.95/4e Î \C70/gkai/m/n/10.95/90 	 \C70/gkai/bx/n/10.95/8b þ \C70/gkai/m/n/10.95/7f Q \C70/gkai/bx/n/10.95/62 ^^V \C70/gkai/m/n/10.95/4f á \C70/gkai/bx/n/10.95/60 o \C70/gkai/m/n/10.95/95 è \C70/gkai/bx/n/10.95/62 7 \C70/gkai/m/n/10.95/4e 
  \C70/gkai/m/n/10.95/8f } \C70/gkai/m/n/10.95/76 \OT1/cmr/m/n/10.95 xls/xlsx\C70/gkai/m/n/10.95/68 <
 []

[2] [3] [4]
Overfull \hbox (32.95892pt too wide) in paragraph at lines 272--273
[]\C70/gkai/m/n/10.95/67  \C70/gkai/m/n/10.95/5e ú \C70/gkai/m/n/10.95/4e  ^^@ * \C70/gkai/m/n/10.95/5c ^^A \C70/gkai/m/n/10.95/88 Å \C70/gkai/m/n/10.95/76 \OT1/cmr/m/n/10.95 GetSingle\C70/gkai/m/n/10.95/63 ¥ \C70/gkai/bx/n/10.95/53 ã|\C70/gkai/m/n/10.95/ff ^^L| \C70/gkai/m/n/10.95/4f \ \C70/gkai/m/n/10.95/4e : û \C70/gkai/m/n/10.95/4f U \C70/gkai/m/n/10.95/65 å \C70/gkai/m/n/10.95/7a  \C70/gkai/m/n/10.95/81 ê \C70/gkai/m/n/10.95/52 ¨ \C70/gkai/m/n/10.95/63 ¨ \C70/gkai/m/n/10.95/83 P \C70/gkai/bx/n/10.95/51 ý \C70/gkai/m/n/10.95/65 p \C70/gkai/m/n/10.95/76  \C70/gkai/m/n/10.95/4e ^^@ * \C70/gkai/m/n/10.95/5b P \C70/gkai/m/n/10.95/63 ¥ \C70/gkai/bx/n/10.95/53 ã|\C70/gkai/m/n/10.95/ff ^^L| \C70/gkai/m/n/10.95/5e v \C70/gkai/m/n/10.95/52 ) \C70/gkai/m/n/10.95/75 (\OT1/cmr/m/n/10.95 Available\C70/gkai/bx/n/10.95/51 ý
 []


Overfull \hbox (1.2614pt too wide) in paragraph at lines 272--273
\C70/gkai/m/n/10.95/65 p \C70/gkai/m/n/10.95/52 $ \C70/gkai/m/n/10.95/65 ­ \C70/gkai/m/n/10.95/4e  ö \C70/gkai/m/n/10.95/54 ^^H \C70/gkai/m/n/10.95/90 ^^B \C70/gkai/m/n/10.95/76  \C70/gkai/m/n/10.95/6d û \C70/gkai/m/n/10.95/52   \C70/gkai/m/n/10.95/65 ö \C70/gkai/m/n/10.95/95 ô |\C70/gkai/m/n/10.95/ff ^^H|\C70/gkai/m/n/10.95/4f  \C70/gkai/m/n/10.95/59   \C70/gkai/m/n/10.95/67  \C70/gkai/m/n/10.95/4e 
 \C70/gkai/bx/n/10.95/53 H \C70/gkai/m/n/10.95/67 ^^@ \C70/gkai/m/n/10.95/54 ^^N \C70/gkai/m/n/10.95/4e ^^@ \C70/gkai/m/n/10.95/82  \C70/gkai/m/n/10.95/67 	 \C70/gkai/bx/n/10.95/8b þ|\C70/gkai/m/n/10.95/ff ^^L| \C70/gkai/m/n/10.95/81 ê \C70/gkai/m/n/10.95/52 ¨ \C70/gkai/m/n/10.95/5b  \C70/gkai/m/n/10.95/63  \C70/gkai/m/n/10.95/76  \C70/gkai/bx/n/10.95/53 H \C70/gkai/m/n/10.95/99 ^^P \C70/gkai/m/n/10.95/65 ö \C70/gkai/m/n/10.95/95 ô \C70/gkai/m/n/10.95/5c 1 ^^F \C70/gkai/m/n/10.95/66 /\OT1/cmr/m/n/10.95 12|\C70/gkai/m/n/10.95/ff ^^Z|
 []


Overfull \hbox (50.12912pt too wide) in paragraph at lines 280--281
[]\C70/gkai/bx/n/10.95/57 0 \C70/gkai/m/n/10.95/56 þ \C70/gkai/bx/n/10.95/6a ! \C70/gkai/bx/n/10.95/57 W \C70/gkai/m/n/10.95/4e - \C70/gkai/bx/n/10.95/53 ^^E \C70/gkai/m/n/10.95/54 + \C70/gkai/m/n/10.95/4e ^^@ *\OT1/cmr/m/n/10.95 QGraphicsScene*\C70/gkai/m/n/10.95/63 ^^G \C70/gkai/m/n/10.95/94 |\C70/gkai/m/n/10.95/ff ^^L| \C70/gkai/m/n/10.95/63 ^^G \C70/gkai/m/n/10.95/54 ^^Q \C70/gkai/bx/n/10.95/62 ^^Q \C70/gkai/m/n/10.95/4e ì å \C70/gkai/m/n/10.95/71 Õ \C70/gkai/m/n/10.95/56 í \C70/gkai/bx/n/10.95/57 0 \C70/gkai/m/n/10.95/56 þ \C70/gkai/m/n/10.95/4e : \C70/gkai/m/n/10.95/50 Ï \C70/gkai/m/n/10.95/7d   \C70/gkai/m/n/10.95/56 þ \C70/gkai/m/n/10.95/76  \C70/gkai/m/n/10.95/4e ^^@ *\OT1/cmr/m/n/10.95 QGraphicsScene\C70/gkai/m/n/10.95/5b ù
 []

[5] [6]
Overfull \hbox (19.91335pt too wide) in paragraph at lines 312--314
\C70/gkai/bx/n/10.95/51 v \C70/gkai/m/n/10.95/4e -$\OML/cmm/m/it/10.95 median$\C70/gkai/m/n/10.95/66 / \C70/gkai/bx/n/10.95/62 @ \C70/gkai/m/n/10.95/67 	 \C70/gkai/bx/n/10.95/57 0 \C70/gkai/m/n/10.95/70 ¹ \C70/gkai/bx/n/10.95/8b ¿ \C70/gkai/m/n/10.95/95 î \C70/gkai/m/n/10.95/6b ! \C70/gkai/m/n/10.95/65 p \C70/gkai/m/n/10.95/4e - \C70/gkai/m/n/10.95/4f M \C70/gkai/m/n/10.95/65 p \C70/gkai/m/n/10.95/54 $\OT1/cmr/m/n/10.95 1$\C70/gkai/m/n/10.95/4e - \C70/gkai/m/n/10.95/76  \C70/gkai/m/n/10.95/67 ^^@ \C70/gkai/m/n/10.95/59 ' \C70/gkai/m/n/10.95/50 <\OT1/cmr/m/n/10.95 ,$\OML/cmm/m/it/10.95 num$\C70/gkai/m/n/10.95/66 / \C70/gkai/m/n/10.95/5b ù \C70/gkai/m/n/10.95/5e  \C70/gkai/m/n/10.95/82  \C70/gkai/m/n/10.95/70 ¹ \C70/gkai/m/n/10.95/76  \C70/gkai/bx/n/10.95/8b ¿ \C70/gkai/m/n/10.95/95 î \C70/gkai/m/n/10.95/6b ! \C70/gkai/m/n/10.95/65 p\OT1/cmr/m/n/10.95 .\C70/gkai/m/n/10.95/76 ô \C70/gkai/m/n/10.95/52 0$\OML/cmm/m/it/10.95 acc >
 []

[7]
Overfull \hbox (16.30545pt too wide) in paragraph at lines 344--346
\C70/gkai/m/n/10.95/5f b \C70/gkai/bx/n/10.95/62 ^^P \C70/gkai/m/n/10.95/4e ^^@ \C70/gkai/m/n/10.95/65 t \C70/gkai/m/n/10.95/4e * \C70/gkai/m/n/10.95/5b W \C70/gkai/m/n/10.95/7b & \C70/gkai/m/n/10.95/4e 2 ã \C70/gkai/m/n/10.95/88 h \C70/gkai/m/n/10.95/65 t \C70/gkai/m/n/10.95/59 ) \C70/gkai/m/n/10.95/76  \C70/gkai/m/n/10.95/65 å \C70/gkai/m/n/10.95/7a  \C70/gkai/m/n/10.95/5b  \C70/gkai/m/n/10.95/63 |\C70/gkai/m/n/10.95/30 ^^B| \C70/gkai/m/n/10.95/67 	 \C70/gkai/m/n/10.95/4e  \C70/gkai/m/n/10.95/8f Ù \C70/gkai/m/n/10.95/68 7 \C70/gkai/m/n/10.95/66 ^^N \C70/gkai/m/n/10.95/78 n \C70/gkai/m/n/10.95/76  \C70/gkai/m/n/10.95/68 < \C70/gkai/m/n/10.95/5f ^^O \C70/gkai/m/n/10.95/4e K \C70/gkai/m/n/10.95/54 ^^N|\C70/gkai/m/n/10.95/ff ^^L| \C70/gkai/bx/n/10.95/62 ^^Q \C70/gkai/m/n/10.95/4e ì \C70/gkai/bx/n/10.95/8b ¾ ¡ \C70/gkai/m/n/10.95/4e  \C70/gkai/m/n/10.95/52 ) \C70/gkai/m/n/10.95/75 (\OT1/cmr/m/n/10.95 Info\C70/gkai/m/n/10.95/76 \OT1/cmr/m/n/10.95 Event\C70/gkai/m/n/10.95/67 
 []


Overfull \hbox (9.37068pt too wide) in paragraph at lines 349--350
[]\C70/gkai/bx/n/10.95/8b þ \C70/gkai/m/n/10.95/88 h \C70/gkai/m/n/10.95/5b ü \C70/gkai/bx/n/10.95/51 e|\C70/gkai/m/n/10.95/ff ^^Z| \C70/gkai/m/n/10.95/4f ^^? \C70/gkai/m/n/10.95/75 (\OT1/cmr/m/n/10.95 QAxObject\C70/gkai/m/n/10.95/7c { \C70/gkai/m/n/10.95/5b  \C70/gkai/bx/n/10.95/62 ^^P\OT1/cmr/m/n/10.95 Excel\C70/gkai/m/n/10.95/76  \C70/gkai/bx/n/10.95/8b û \C70/gkai/bx/n/10.95/53 Ö|\C70/gkai/m/n/10.95/ff ^^L| \C70/gkai/m/n/10.95/5b  \C70/gkai/m/n/10.95/73 ° \C70/gkai/bx/n/10.95/51 A \C70/gkai/bx/n/10.95/8b ¸ \C70/gkai/m/n/10.95/75 ( \C70/gkai/bx/n/10.95/62 7 \C70/gkai/m/n/10.95/5c ^^F \C70/gkai/m/n/10.95/95 è \C70/gkai/bx/n/10.95/62 7 \C70/gkai/m/n/10.95/4e - \C70/gkai/m/n/10.95/76  \C70/gkai/bx/n/10.95/8b þ \C70/gkai/m/n/10.95/88 h \C70/gkai/m/n/10.95/4f á \C70/gkai/bx/n/10.95/60 o \C70/gkai/m/n/10.95/4e å\OT1/cmr/m/n/10.95 xlsx\C70/gkai/m/n/10.95/68 <
 []


Underfull \hbox (badness 10000) in paragraph at lines 353--354

 []


Overfull \hbox (1.43172pt too wide) in paragraph at lines 362--363
\C70/gkai/m/n/10.95/75 (\OT1/cmr/m/n/10.95 QProcess\C70/gkai/m/n/10.95/8f Û \C70/gkai/m/n/10.95/88 L \C70/gkai/m/n/10.95/59 ^^Z \C70/gkai/m/n/10.95/8f Û \C70/gkai/m/n/10.95/7a  \C70/gkai/m/n/10.95/8c ^^C \C70/gkai/m/n/10.95/75 (|\C70/gkai/m/n/10.95/30 ^^B| \C70/gkai/m/n/10.95/5b  \C70/gkai/m/n/10.95/96 E \C70/gkai/m/n/10.95/90 	 \C70/gkai/bx/n/10.95/62 é \C70/gkai/m/n/10.95/4e - \C70/gkai/bx/n/10.95/62 ^^Q \C70/gkai/m/n/10.95/4e ì \C70/gkai/bx/n/10.95/53 Ñ \C70/gkai/m/n/10.95/73 ° \C70/gkai/m/n/10.95/7b , \C70/gkai/m/n/10.95/4e ^^@ \C70/gkai/m/n/10.95/79 Í \C70/gkai/m/n/10.95/65 ¹ \C70/gkai/m/n/10.95/6c Õ \C70/gkai/bx/n/10.95/53 ï \C70/gkai/m/n/10.95/80 ý \C70/gkai/m/n/10.95/97 ^^@ \C70/gkai/m/n/10.95/89  \C70/gkai/m/n/10.95/7c û \C70/gkai/m/n/10.95/7e ß § \C70/gkai/m/n/10.95/52 + \C70/gkai/m/n/10.95/76 \OT1/cmr/m/n/10.95 LIBS\C70/gkai/m/n/10.95/5b ù
 []

[8]
Overfull \hbox (62.69115pt too wide) in paragraph at lines 363--364
[]\C70/gkai/bx/n/10.95/8b ² \C70/gkai/m/n/10.95/5e § \C70/gkai/m/n/10.95/7f Q \C70/gkai/m/n/10.95/4e 
 \C70/gkai/m/n/10.95/76  \C70/gkai/m/n/10.95/65 å \C70/gkai/m/n/10.95/67 ^^_ \C70/gkai/m/n/10.95/4e ^^M \C70/gkai/m/n/10.95/59 } \C70/gkai/m/n/10.95/90 	 \C70/gkai/bx/n/10.95/62 é|\C70/gkai/m/n/10.95/ff ^^L| \C70/gkai/bx/n/10.95/62 ^^Q \C70/gkai/m/n/10.95/4e ì \C70/gkai/m/n/10.95/6c ¡ \C70/gkai/m/n/10.95/67 	 \C70/gkai/bx/n/10.95/62 ~ \C70/gkai/m/n/10.95/52 0 \C70/gkai/m/n/10.95/76 ô \C70/gkai/m/n/10.95/63 ¥ \C70/gkai/m/n/10.95/5b  \C70/gkai/m/n/10.95/4f M \C70/gkai/m/n/10.95/67 Ð \C70/gkai/m/n/10.95/4e * \C70/gkai/m/n/10.95/65 å \C70/gkai/m/n/10.95/67 ^^_ \C70/gkai/m/n/10.95/76  \C70/gkai/m/n/10.95/50 Z \C70/gkai/m/n/10.95/6c Õ|\C70/gkai/m/n/10.95/ff ^^L| \C70/gkai/m/n/10.95/4e  \C70/gkai/m/n/10.95/66 / \C70/gkai/m/n/10.95/5e t \C70/gkai/m/n/10.95/67 ^^H \C70/gkai/bx/n/10.95/62 ^^Q \C70/gkai/m/n/10.95/4e ì \C70/gkai/m/n/10.95/52 ) \C70/gkai/m/n/10.95/75 (\OT1/cmr/m/n/10.95 python\C70/gkai/m/n/10.95/76 \OT1/cmr/m/n/10.95 time\C70/gkai/bx/n/10.95/6a !
 []


Overfull \hbox (10.49023pt too wide) in paragraph at lines 382--384
[]\C70/gkai/bx/n/10.95/6a ! \C70/gkai/bx/n/10.95/57 W \C70/gkai/bx/n/10.95/8b ¾ ¡ \C70/gkai/m/n/10.95/4e 
|\C70/gkai/m/n/10.95/ff ^^Z| \C70/gkai/bx/n/10.95/62 ^^Q \C70/gkai/m/n/10.95/4e ì \C70/gkai/m/n/10.95/5b ù \C70/gkai/m/n/10.95/90 è \C70/gkai/m/n/10.95/52 ^^F \C70/gkai/bx/n/10.95/6a ! \C70/gkai/bx/n/10.95/57 W \C70/gkai/m/n/10.95/4f  \C70/gkai/m/n/10.95/59  \C70/gkai/m/n/10.95/90 	 \C70/gkai/bx/n/10.95/62 é \C70/gkai/bx/n/10.95/6a ! \C70/gkai/bx/n/10.95/57 W\OT1/cmr/m/n/10.95 Selection|\C70/gkai/m/n/10.95/ff ^^L| \C70/gkai/bx/n/10.95/57 0 \C70/gkai/m/n/10.95/56 þ \C70/gkai/bx/n/10.95/6a ! \C70/gkai/bx/n/10.95/57 W\OT1/cmr/m/n/10.95 PKUMap|\C70/gkai/m/n/10.95/ff ^^L| \C70/gkai/bx/n/10.95/8b ¾ \C70/gkai/m/n/10.95/7f n \C70/gkai/bx/n/10.95/6a ! \C70/gkai/bx/n/10.95/57 W\OT1/cmr/m/n/10.95 Config|\C70/gkai/m/n/10.95/ff ^^L|
 []

[9]
Overfull \hbox (0.30652pt too wide) in paragraph at lines 393--394
[]\C70/gkai/bx/n/10.95/62 ^^Q \C70/gkai/m/n/10.95/4e ì \C70/gkai/m/n/10.95/54 ^^L \C70/gkai/m/n/10.95/68 7 \C70/gkai/m/n/10.95/5c ^^] \C70/gkai/bx/n/10.95/8b Õ \C70/gkai/m/n/10.95/4e  \C70/gkai/m/n/10.95/4f ^^? \C70/gkai/m/n/10.95/75 (\OT1/cmr/m/n/10.95 Qt\C70/gkai/bx/n/10.95/51  \C70/gkai/m/n/10.95/7f n \C70/gkai/m/n/10.95/76 \OT1/cmr/m/n/10.95 Network\C70/gkai/bx/n/10.95/6a ! \C70/gkai/bx/n/10.95/57 W \C70/gkai/m/n/10.95/5b  \C70/gkai/bx/n/10.95/62 ^^P \C70/gkai/m/n/10.95/72 , \C70/gkai/m/n/10.95/86 k \C70/gkai/m/n/10.95/4e û \C70/gkai/m/n/10.95/52 ¡|\C70/gkai/m/n/10.95/ff ^^L| \C70/gkai/m/n/10.95/4f F \C70/gkai/m/n/10.95/66 / \C70/gkai/m/n/10.95/75 1 \C70/gkai/m/n/10.95/4e  \C70/gkai/bx/n/10.95/62 ^^Q \C70/gkai/m/n/10.95/4e ì \C70/gkai/m/n/10.95/4f ^^? \C70/gkai/m/n/10.95/75 ( \C70/gkai/m/n/10.95/76 \OT1/cmr/m/n/10.95 Qt\C70/gkai/m/n/10.95/72 H
 []

[10]
Package atveryend Info: Empty hook `BeforeClearDocument' on input line 401.
Package atveryend Info: Empty hook `AfterLastShipout' on input line 401.
 (c:/code/C++/Qt/Report/Report.aux)
Package atveryend Info: Executing hook `AtVeryEndDocument' on input line 401.
Package atveryend Info: Executing hook `AtEndAfterFileList' on input line 401.
Package rerunfilecheck Info: File `Report.out' has not changed.
(rerunfilecheck)             Checksum: 131C953DF7C652AFB24EDC9BE0734C04;4780.
Package atveryend Info: Empty hook `AtVeryVeryEnd' on input line 401.
 ) 
Here is how much of TeX's memory you used:
 39895 strings out of 480608
 865872 string characters out of 5907536
 1180598 words of memory out of 5000000
 54675 multiletter control sequences out of 15000+600000
 588295 words of font info for 229 fonts, out of 8000000 for 9000
 1141 hyphenation exceptions out of 8191
 68i,6n,98p,992b,873s stack positions out of 5000i,500n,10000p,200000b,80000s
<c:/Windows/Fonts/simsun.ttc><c:/Windows/Fonts/simhei.ttf><c:/Windows/Fonts/simhei.ttf><c:/Windows/Fonts/simsun.ttc><c:/Windows/Fonts/simsun.ttc><c:/Windows/Fonts/simsun.ttc><c:/Windows/Fonts/simsun.ttc><c:/Windows/Fonts/simsun.ttc><c:/Windows/Fonts/simhei.ttf><c:/Windows/Fonts/simhei.ttf><c:/Windows/Fonts/simhei.ttf><c:/Windows/Fonts/simhei.ttf><c:/Windows/Fonts/simhei.ttf><c:/Windows/Fonts/simhei.ttf><c:/Windows/Fonts/simhei.ttf><c:/Windows/Fonts/simhei.ttf><c:/Windows/Fonts/simhei.ttf><c:/Windows/Fonts/simhei.ttf><c:/Windows/Fonts/simsun.ttc><c:/Windows/Fonts/simsun.ttc><c:/Windows/Fonts/simsun.ttc><c:/Windows/Fonts/simsun.ttc><c:/Windows/Fonts/simsun.ttc><c:/Windows/Fonts/simsun.ttc><c:/Windows/Fonts/simsun.ttc><c:/Windows/Fonts/simsun.ttc><c:/Windows/Fonts/simhei.ttf><c:/Windows/Fonts/simhei.ttf><c:/Windows/Fonts/simhei.ttf><c:/Windows/Fonts/simhei.ttf><c:/Windows/Fonts/simhei.ttf><c:/Windows/Fonts/simhei.ttf><c:/Windows/Fonts/simhei.ttf><c:/Windows/Fonts/simhei.ttf><c:/Windows/Fonts/simsun.ttc><c:/Windows/Fonts/simsun.ttc><c:/Windows/Fonts/simsun.ttc><c:/Windows/Fonts/simsun.ttc><c:/Windows/Fonts/simsun.ttc><c:/Windows/Fonts/simhei.ttf><c:/Windows/Fonts/simhei.ttf><c:/Windows/Fonts/simhei.ttf><c:/Windows/Fonts/simhei.ttf><c:/Windows/Fonts/simhei.ttf><c:/Windows/Fonts/simhei.ttf><c:/Windows/Fonts/simhei.ttf><c:/Windows/Fonts/simhei.ttf><c:/Windows/Fonts/simhei.ttf><c:/Windows/Fonts/simhei.ttf><c:/Windows/Fonts/simhei.ttf><c:/Windows/Fonts/simhei.ttf><c:/Windows/Fonts/simhei.ttf><c:/Windows/Fonts/simhei.ttf><c:/Windows/Fonts/simhei.ttf><c:/Windows/Fonts/simhei.ttf><c:/Windows/Fonts/simhei.ttf>{c:/texlive/2020/texmf-dist/fonts/enc/dvips/cm-super/cm-super-ts1.enc}<c:/Windows/Fonts/simhei.ttf><c:/Windows/Fonts/simhei.ttf><c:/Windows/Fonts/simsun.ttc><c:/Windows/Fonts/simsun.ttc><c:/Windows/Fonts/simhei.ttf><c:/Windows/Fonts/simhei.ttf><c:/texlive/2020/texmf-dist/fonts/type1/public/amsfonts/cm/cmbx10.pfb><c:/texlive/2020/texmf-dist/fonts/type1/public/amsfonts/cm/cmbx12.pfb><c:/texlive/2020/texmf-dist/fonts/type1/public/amsfonts/cm/cmex10.pfb><c:/texlive/2020/texmf-dist/fonts/type1/public/amsfonts/cm/cmmi10.pfb><c:/texlive/2020/texmf-dist/fonts/type1/public/amsfonts/cm/cmmi8.pfb><c:/texlive/2020/texmf-dist/fonts/type1/public/amsfonts/cm/cmr10.pfb><c:/texlive/2020/texmf-dist/fonts/type1/public/amsfonts/cm/cmr12.pfb><c:/texlive/2020/texmf-dist/fonts/type1/public/amsfonts/cm/cmr17.pfb><c:/texlive/2020/texmf-dist/fonts/type1/public/amsfonts/cm/cmr8.pfb><c:/texlive/2020/texmf-dist/fonts/type1/public/amsfonts/cm/cmsl10.pfb><c:/texlive/2020/texmf-dist/fonts/type1/public/amsfonts/cm/cmsy10.pfb><c:/texlive/2020/texmf-dist/fonts/type1/arphic/gkaiu/gkaiu30.pfb><c:/texlive/2020/texmf-dist/fonts/type1/arphic/gkaiu/gkaiu4e.pfb><c:/texlive/2020/texmf-dist/fonts/type1/arphic/gkaiu/gkaiu4f.pfb><c:/texlive/2020/texmf-dist/fonts/type1/arphic/gkaiu/gkaiu50.pfb><c:/texlive/2020/texmf-dist/fonts/type1/arphic/gkaiu/gkaiu51.pfb><c:/texlive/2020/texmf-dist/fonts/type1/arphic/gkaiu/gkaiu52.pfb><c:/texlive/2020/texmf-dist/fonts/type1/arphic/gkaiu/gkaiu53.pfb><c:/texlive/2020/texmf-dist/fonts/type1/arphic/gkaiu/gkaiu54.pfb><c:/texlive/2020/texmf-dist/fonts/type1/arphic/gkaiu/gkaiu55.pfb><c:/texlive/2020/texmf-dist/fonts/type1/arphic/gkaiu/gkaiu56.pfb><c:/texlive/2020/texmf-dist/fonts/type1/arphic/gkaiu/gkaiu57.pfb><c:/texlive/2020/texmf-dist/fonts/type1/arphic/gkaiu/gkaiu58.pfb><c:/texlive/2020/texmf-dist/fonts/type1/arphic/gkaiu/gkaiu59.pfb><c:/texlive/2020/texmf-dist/fonts/type1/arphic/gkaiu/gkaiu5b.pfb><c:/texlive/2020/texmf-dist/fonts/type1/arphic/gkaiu/gkaiu5c.pfb><c:/texlive/2020/texmf-dist/fonts/type1/arphic/gkaiu/gkaiu5d.pfb><c:/texlive/2020/texmf-dist/fonts/type1/arphic/gkaiu/gkaiu5e.pfb><c:/texlive/2020/texmf-dist/fonts/type1/arphic/gkaiu/gkaiu5f.pfb><c:/texlive/2020/texmf-dist/fonts/type1/arphic/gkaiu/gkaiu60.pfb><c:/texlive/2020/texmf-dist/fonts/type1/arphic/gkaiu/gkaiu61.pfb><c:/texlive/2020/texmf-dist/fonts/type1/arphic/gkaiu/gkaiu62.pfb><c:/texlive/2020/texmf-dist/fonts/type1/arphic/gkaiu/gkaiu63.pfb><c:/texlive/2020/texmf-dist/fonts/type1/arphic/gkaiu/gkaiu64.pfb><c:/texlive/2020/texmf-dist/fonts/type1/arphic/gkaiu/gkaiu65.pfb><c:/texlive/2020/texmf-dist/fonts/type1/arphic/gkaiu/gkaiu66.pfb><c:/texlive/2020/texmf-dist/fonts/type1/arphic/gkaiu/gkaiu67.pfb><c:/texlive/2020/texmf-dist/fonts/type1/arphic/gkaiu/gkaiu68.pfb><c:/texlive/2020/texmf-dist/fonts/type1/arphic/gkaiu/gkaiu69.pfb><c:/texlive/2020/texmf-dist/fonts/type1/arphic/gkaiu/gkaiu6a.pfb><c:/texlive/2020/texmf-dist/fonts/type1/arphic/gkaiu/gkaiu6b.pfb><c:/texlive/2020/texmf-dist/fonts/type1/arphic/gkaiu/gkaiu6c.pfb><c:/texlive/2020/texmf-dist/fonts/type1/arphic/gkaiu/gkaiu6d.pfb><c:/texlive/2020/texmf-dist/fonts/type1/arphic/gkaiu/gkaiu6e.pfb><c:/texlive/2020/texmf-dist/fonts/type1/arphic/gkaiu/gkaiu6f.pfb><c:/texlive/2020/texmf-dist/fonts/type1/arphic/gkaiu/gkaiu70.pfb><c:/texlive/2020/texmf-dist/fonts/type1/arphic/gkaiu/gkaiu71.pfb><c:/texlive/2020/texmf-dist/fonts/type1/arphic/gkaiu/gkaiu72.pfb><c:/texlive/2020/texmf-dist/fonts/type1/arphic/gkaiu/gkaiu73.pfb><c:/texlive/2020/texmf-dist/fonts/type1/arphic/gkaiu/gkaiu74.pfb><c:/texlive/2020/texmf-dist/fonts/type1/arphic/gkaiu/gkaiu75.pfb><c:/texlive/2020/texmf-dist/fonts/type1/arphic/gkaiu/gkaiu76.pfb><c:/texlive/2020/texmf-dist/fonts/type1/arphic/gkaiu/gkaiu77.pfb><c:/texlive/2020/texmf-dist/fonts/type1/arphic/gkaiu/gkaiu78.pfb><c:/texlive/2020/texmf-dist/fonts/type1/arphic/gkaiu/gkaiu79.pfb><c:/texlive/2020/texmf-dist/fonts/type1/arphic/gkaiu/gkaiu7a.pfb><c:/texlive/2020/texmf-dist/fonts/type1/arphic/gkaiu/gkaiu7b.pfb><c:/texlive/2020/texmf-dist/fonts/type1/arphic/gkaiu/gkaiu7c.pfb><c:/texlive/2020/texmf-dist/fonts/type1/arphic/gkaiu/gkaiu7d.pfb><c:/texlive/2020/texmf-dist/fonts/type1/arphic/gkaiu/gkaiu7e.pfb><c:/texlive/2020/texmf-dist/fonts/type1/arphic/gkaiu/gkaiu7f.pfb><c:/texlive/2020/texmf-dist/fonts/type1/arphic/gkaiu/gkaiu80.pfb><c:/texlive/2020/texmf-dist/fonts/type1/arphic/gkaiu/gkaiu81.pfb><c:/texlive/2020/texmf-dist/fonts/type1/arphic/gkaiu/gkaiu82.pfb><c:/texlive/2020/texmf-dist/fonts/type1/arphic/gkaiu/gkaiu83.pfb><c:/texlive/2020/texmf-dist/fonts/type1/arphic/gkaiu/gkaiu85.pfb><c:/texlive/2020/texmf-dist/fonts/type1/arphic/gkaiu/gkaiu86.pfb><c:/texlive/2020/texmf-dist/fonts/type1/arphic/gkaiu/gkaiu88.pfb><c:/texlive/2020/texmf-dist/fonts/type1/arphic/gkaiu/gkaiu89.pfb><c:/texlive/2020/texmf-dist/fonts/type1/arphic/gkaiu/gkaiu8b.pfb><c:/texlive/2020/texmf-dist/fonts/type1/arphic/gkaiu/gkaiu8c.pfb><c:/texlive/2020/texmf-dist/fonts/type1/arphic/gkaiu/gkaiu8d.pfb><c:/texlive/2020/texmf-dist/fonts/type1/arphic/gkaiu/gkaiu8f.pfb><c:/texlive/2020/texmf-dist/fonts/type1/arphic/gkaiu/gkaiu90.pfb><c:/texlive/2020/texmf-dist/fonts/type1/arphic/gkaiu/gkaiu91.pfb><c:/texlive/2020/texmf-dist/fonts/type1/arphic/gkaiu/gkaiu94.pfb><c:/texlive/2020/texmf-dist/fonts/type1/arphic/gkaiu/gkaiu95.pfb><c:/texlive/2020/texmf-dist/fonts/type1/arphic/gkaiu/gkaiu96.pfb><c:/texlive/2020/texmf-dist/fonts/type1/arphic/gkaiu/gkaiu97.pfb><c:/texlive/2020/texmf-dist/fonts/type1/arphic/gkaiu/gkaiu98.pfb><c:/texlive/2020/texmf-dist/fonts/type1/arphic/gkaiu/gkaiu99.pfb><c:/texlive/2020/texmf-dist/fonts/type1/arphic/gkaiu/gkaiu9a.pfb><c:/texlive/2020/texmf-dist/fonts/type1/arphic/gkaiu/gkaiu9e.pfb><c:/texlive/2020/texmf-dist/fonts/type1/arphic/gkaiu/gkaiu9f.pfb><c:/texlive/2020/texmf-dist/fonts/type1/arphic/gkaiu/gkaiuff.pfb><c:/texlive/2020/texmf-dist/fonts/type1/public/cm-super/sfrm1000.pfb>
Output written on c:/code/C++/Qt/Report/Report.pdf (10 pages, 797484 bytes).
PDF statistics:
 958 PDF objects out of 1000 (max. 8388607)
 716 compressed objects within 8 object streams
 81 named destinations out of 1000 (max. 500000)
 589 words of extra memory for PDF output out of 10000 (max. 10000000)

